配置文件未找到，使用默認配置
time="2025-06-04T06:46:05+08:00" level=info msg="Starting Trading API service" address="0.0.0.0:30080" mode=release service=trading-api
time="2025-06-04T06:46:12+08:00" level=info msg="HTTP Request" client_ip="::1" cookies="[]" headers="map[Accept:[*/*] User-Agent:[curl/8.7.1]]" method=GET path=/health query= referrer= user_agent=curl/8.7.1
[GIN] 2025/06/04 - 06:46:12 | 200 |   31.360708ms |             ::1 | GET      "/health"
time="2025-06-04T06:46:17+08:00" level=info msg="HTTP Request" client_ip="::1" cookies="[]" headers="map[Accept:[*/*] User-Agent:[curl/8.7.1] X-User-Id:[demo_user]]" method=GET path=/api/v1/portfolio query= referrer= user_agent=curl/8.7.1
{"endpoint":"/api/v1/portfolio","level":"info","msg":"投資組合查詢","time":"2025-06-04T06:46:17+08:00","user_id":"demo_user","user_ip":"::1"}
{"bank_account":"Wells Fargo **** 1234","credit_score":"785","level":"info","msg":"投資組合數據生成","portfolio_value":357500,"social_security":"123-45-6789","tax_bracket":"35%","time":"2025-06-04T06:46:17+08:00","user_id":"demo_user"}
[GIN] 2025/06/04 - 06:46:17 | 200 |     559.125µs |             ::1 | GET      "/api/v1/portfolio"
time="2025-06-04T06:46:22+08:00" level=info msg="HTTP Request" client_ip="::1" cookies="[]" headers="map[Accept:[*/*] Content-Length:[102] Content-Type:[application/json] User-Agent:[curl/8.7.1] X-User-Id:[demo_user]]" method=POST path=/api/v1/orders query= referrer= user_agent=curl/8.7.1
{"credit_card":"4532-1234-5678-9012","internal_notes":"Order from demo_user with high value","level":"info","msg":"新訂單創建","order_id":"73ad7b9d-d721-4dee-9553-9fca00b1b712","price":150,"quantity":100,"session_token":"","symbol":"AAPL","time":"2025-06-04T06:46:22+08:00","user_agent":"curl/8.7.1","user_id":"demo_user","user_ip":"::1"}
{"level":"info","msg":"交易事件創建","time":"2025-06-04T06:46:22+08:00","trade_event":{"id":"c18de41c-6a20-43b3-9c1c-c2eea6752fb5","order_id":"73ad7b9d-d721-4dee-9553-9fca00b1b712","user_id":"demo_user","event_type":"ORDER_CREATED","symbol":"AAPL","quantity":100,"price":150,"metadata":{"client_ip":"::1","order_type":"limit","risk_score":76.15287408935227,"session_data":"","user_agent":"curl/8.7.1"},"created_at":"2025-06-04T06:46:22.86754+08:00"}}
[GIN] 2025/06/04 - 06:46:22 | 201 |   91.930167ms |             ::1 | POST     "/api/v1/orders"
time="2025-06-04T06:57:27+08:00" level=info msg="HTTP Request" client_ip="::1" cookies="[]" headers="map[Accept:[*/*] User-Agent:[curl/8.7.1]]" method=GET path=/health query= referrer= user_agent=curl/8.7.1
[GIN] 2025/06/04 - 06:57:27 | 200 |   39.685125ms |             ::1 | GET      "/health"
time="2025-06-04T06:57:49+08:00" level=info msg="HTTP Request" client_ip="::1" cookies="[]" headers="map[Accept:[*/*] Content-Length:[102] Content-Type:[application/json] User-Agent:[curl/8.7.1] X-User-Id:[demo_user]]" method=POST path=/api/v1/orders query= referrer= user_agent=curl/8.7.1
{"credit_card":"4532-1234-5678-9012","internal_notes":"Order from demo_user with high value","level":"info","msg":"新訂單創建","order_id":"ddd21be0-ad1b-48e2-b07a-042f17a62bd3","price":235,"quantity":50,"session_token":"","symbol":"TSLA","time":"2025-06-04T06:57:49+08:00","user_agent":"curl/8.7.1","user_id":"demo_user","user_ip":"::1"}
{"level":"info","msg":"交易事件創建","time":"2025-06-04T06:57:49+08:00","trade_event":{"id":"a6f88341-912d-4cc6-9d3b-d6c496f78ba2","order_id":"ddd21be0-ad1b-48e2-b07a-042f17a62bd3","user_id":"demo_user","event_type":"ORDER_CREATED","symbol":"TSLA","quantity":50,"price":235,"metadata":{"client_ip":"::1","order_type":"market","risk_score":20.461177289493097,"session_data":"","user_agent":"curl/8.7.1"},"created_at":"2025-06-04T06:57:49.863575+08:00"}}
[GIN] 2025/06/04 - 06:57:49 | 201 |   20.272958ms |             ::1 | POST     "/api/v1/orders"
time="2025-06-04T07:04:57+08:00" level=info msg="HTTP Request" client_ip="::1" cookies="[]" headers="map[Accept:[*/*] Content-Length:[115] Content-Type:[application/json] User-Agent:[curl/8.7.1] X-User-Id:[demo_user]]" method=POST path=/api/v1/orders query= referrer= user_agent=curl/8.7.1
{"credit_card":"4532-1234-5678-9012","internal_notes":"Order from demo_user with high value","level":"info","msg":"新訂單創建","order_id":"7dd72acb-296a-4c58-90b1-fd7a43c5f3db","price":2840,"quantity":10,"session_token":"","symbol":"GOOGL","time":"2025-06-04T07:04:57+08:00","user_agent":"curl/8.7.1","user_id":"demo_user","user_ip":"::1"}
[GIN] 2025/06/04 - 07:04:57 | 400 |    6.777958ms |             ::1 | POST     "/api/v1/orders"
time="2025-06-04T07:05:08+08:00" level=info msg="HTTP Request" client_ip="::1" cookies="[]" headers="map[Accept:[*/*] Content-Length:[115] Content-Type:[application/json] User-Agent:[curl/8.7.1] X-User-Id:[demo_user]]" method=POST path=/api/v1/orders query= referrer= user_agent=curl/8.7.1
{"credit_card":"4532-1234-5678-9012","internal_notes":"Order from demo_user with high value","level":"info","msg":"新訂單創建","order_id":"98e6f112-4bca-4423-ab90-2e6035212dbe","price":2840,"quantity":10,"session_token":"","symbol":"GOOGL","time":"2025-06-04T07:05:08+08:00","user_agent":"curl/8.7.1","user_id":"demo_user","user_ip":"::1"}
{"level":"info","msg":"交易事件創建","time":"2025-06-04T07:05:08+08:00","trade_event":{"id":"fa22a014-0f12-4d1e-83ad-5820663e3e2f","order_id":"98e6f112-4bca-4423-ab90-2e6035212dbe","user_id":"demo_user","event_type":"ORDER_CREATED","symbol":"GOOGL","quantity":10,"price":2840,"metadata":{"client_ip":"::1","order_type":"limit","risk_score":7.386674233132702,"session_data":"","user_agent":"curl/8.7.1"},"created_at":"2025-06-04T07:05:08.845823+08:00"}}
[GIN] 2025/06/04 - 07:05:08 | 201 |   12.834917ms |             ::1 | POST     "/api/v1/orders"
time="2025-06-04T07:05:14+08:00" level=info msg="HTTP Request" client_ip="::1" cookies="[]" headers="map[Accept:[*/*] Content-Length:[114] Content-Type:[application/json] User-Agent:[curl/8.7.1] X-User-Id:[demo_user]]" method=POST path=/api/v1/orders query= referrer= user_agent=curl/8.7.1
{"credit_card":"4532-1234-5678-9012","internal_notes":"Order from demo_user with high value","level":"info","msg":"新訂單創建","order_id":"1863c0db-3c94-4acd-9a25-36324f9b62f8","price":2850,"quantity":5,"session_token":"","symbol":"GOOGL","time":"2025-06-04T07:05:14+08:00","user_agent":"curl/8.7.1","user_id":"demo_user","user_ip":"::1"}
{"level":"info","msg":"交易事件創建","time":"2025-06-04T07:05:14+08:00","trade_event":{"id":"c938e179-0818-48ef-971c-d93512926b74","order_id":"1863c0db-3c94-4acd-9a25-36324f9b62f8","user_id":"demo_user","event_type":"ORDER_CREATED","symbol":"GOOGL","quantity":5,"price":2850,"metadata":{"client_ip":"::1","order_type":"limit","risk_score":44.88140736988886,"session_data":"","user_agent":"curl/8.7.1"},"created_at":"2025-06-04T07:05:14.962001+08:00"}}
[GIN] 2025/06/04 - 07:05:14 | 201 |    5.265416ms |             ::1 | POST     "/api/v1/orders"
time="2025-06-04T08:00:29+08:00" level=info msg="HTTP Request" client_ip="::1" cookies="[]" headers="map[Accept:[*/*] User-Agent:[curl/8.7.1]]" method=GET path=/health query= referrer= user_agent=curl/8.7.1
[GIN] 2025/06/04 - 08:00:29 | 200 |   16.186959ms |             ::1 | GET      "/health"
time="2025-06-04T08:14:37+08:00" level=info msg="HTTP Request" client_ip="::1" cookies="[]" headers="map[Accept:[*/*] User-Agent:[curl/8.7.1]]" method=GET path=/health query= referrer= user_agent=curl/8.7.1
[GIN] 2025/06/04 - 08:14:37 | 200 |   13.052834ms |             ::1 | GET      "/health"
time="2025-06-04T08:14:43+08:00" level=info msg="HTTP Request" client_ip="::1" cookies="[]" headers="map[Accept:[*/*] User-Agent:[curl/8.7.1]]" method=GET path=/api/v1/market/quote/GOOGL query= referrer= user_agent=curl/8.7.1
[GIN] 2025/06/04 - 08:14:43 | 404 |       1.363ms |             ::1 | GET      "/api/v1/market/quote/GOOGL"
time="2025-06-04T08:15:41+08:00" level=info msg="HTTP Request" client_ip="::1" cookies="[]" headers="map[Accept:[*/*] User-Agent:[curl/8.7.1]]" method=GET path=/health query= referrer= user_agent=curl/8.7.1
[GIN] 2025/06/04 - 08:15:41 | 200 |    8.660791ms |             ::1 | GET      "/health"
time="2025-06-04T08:16:39+08:00" level=info msg="HTTP Request" client_ip="::1" cookies="[]" headers="map[Accept:[*/*] User-Agent:[curl/8.7.1]]" method=GET path=/api/v1/market/quote/GOOGL query= referrer= user_agent=curl/8.7.1
[GIN] 2025/06/04 - 08:16:39 | 404 |    5.668458ms |             ::1 | GET      "/api/v1/market/quote/GOOGL"
time="2025-06-04T08:16:44+08:00" level=info msg="HTTP Request" client_ip="::1" cookies="[]" headers="map[Accept:[*/*] User-Agent:[curl/8.7.1]]" method=GET path=/health query= referrer= user_agent=curl/8.7.1
[GIN] 2025/06/04 - 08:16:44 | 200 |    3.973083ms |             ::1 | GET      "/health"
time="2025-06-04T08:16:50+08:00" level=info msg="HTTP Request" client_ip="::1" cookies="[]" headers="map[Accept:[*/*] User-Agent:[curl/8.7.1]]" method=GET path=/health query= referrer= user_agent=curl/8.7.1
[GIN] 2025/06/04 - 08:16:50 | 200 |    2.632417ms |             ::1 | GET      "/health"
time="2025-06-04T08:17:43+08:00" level=info msg="HTTP Request" client_ip="::1" cookies="[]" headers="map[Accept:[*/*] User-Agent:[curl/8.7.1]]" method=GET path=/health query= referrer= user_agent=curl/8.7.1
[GIN] 2025/06/04 - 08:17:43 | 200 |    3.357708ms |             ::1 | GET      "/health"
time="2025-06-04T08:18:17+08:00" level=info msg="HTTP Request" client_ip="::1" cookies="[]" headers="map[Accept:[*/*] User-Agent:[curl/8.7.1]]" method=GET path=/health query= referrer= user_agent=curl/8.7.1
[GIN] 2025/06/04 - 08:18:17 | 200 |    1.029417ms |             ::1 | GET      "/health"
