
> fintech-ebpf-demo-frontend@3.0.0 dev
> vite


  VITE v5.4.19  ready in 381 ms

  ➜  Local:   http://localhost:5173/
  ➜  Network: http://172.25.137.0:5173/
  ➜  Network: http://192.168.192.245:5173/
  ➜  Network: http://10.211.55.2:5173/
  ➜  Network: http://10.37.129.2:5173/
Sending Request to the Target: GET /api/v1/portfolio
Sending Request to the Target: GET /api/v1/trades?limit=50
Sending Request to the Target: GET /api/v1/stats
Sending Request to the Target: GET /api/v1/user/profile
Received Response from the Target: 404 /api/v1/stats
Sending Request to the Target: GET /api/v1/stats
Received Response from the Target: 404 /api/v1/stats
Sending Request to the Target: GET /api/v1/user/profile
Sending Request to the Target: GET /api/v1/trades?limit=50
Received Response from the Target: 200 /api/v1/user/profile
Received Response from the Target: 200 /api/v1/trades?limit=50
Received Response from the Target: 200 /api/v1/user/profile
Received Response from the Target: 200 /api/v1/trades?limit=50
Received Response from the Target: 200 /api/v1/portfolio
Sending Request to the Target: GET /api/v1/portfolio
Sending Request to the Target: GET /api/v1/trades?limit=50
Sending Request to the Target: GET /api/v1/stats
Sending Request to the Target: GET /api/v1/user/profile
Received Response from the Target: 404 /api/v1/stats
Sending Request to the Target: GET /api/v1/stats
Received Response from the Target: 200 /api/v1/user/profile
Sending Request to the Target: GET /api/v1/user/profile
Received Response from the Target: 200 /api/v1/trades?limit=50
Received Response from the Target: 404 /api/v1/stats
Received Response from the Target: 200 /api/v1/user/profile
Sending Request to the Target: GET /api/v1/trades?limit=50
Received Response from the Target: 200 /api/v1/trades?limit=50
Received Response from the Target: 200 /api/v1/portfolio
Sending Request to the Target: GET /api/v1/portfolio
Received Response from the Target: 200 /api/v1/portfolio
Sending Request to the Target: GET /api/v1/user/profile
Received Response from the Target: 200 /api/v1/user/profile
Sending Request to the Target: GET /api/v1/user/profile
Received Response from the Target: 200 /api/v1/user/profile
Sending Request to the Target: GET /api/v1/portfolio
Sending Request to the Target: GET /api/v1/trades?limit=50
Sending Request to the Target: GET /api/v1/stats
Received Response from the Target: 404 /api/v1/stats
Received Response from the Target: 200 /api/v1/trades?limit=50
Sending Request to the Target: GET /api/v1/stats
Sending Request to the Target: GET /api/v1/trades?limit=50
Received Response from the Target: 404 /api/v1/stats
Received Response from the Target: 200 /api/v1/trades?limit=50
Received Response from the Target: 200 /api/v1/portfolio
Sending Request to the Target: GET /api/v1/portfolio
Received Response from the Target: 200 /api/v1/portfolio
Sending Request to the Target: GET /api/v1/user/profile
Received Response from the Target: 200 /api/v1/user/profile
Sending Request to the Target: GET /api/v1/user/profile
Received Response from the Target: 200 /api/v1/user/profile
Sending Request to the Target: GET /api/v1/portfolio
Sending Request to the Target: GET /api/v1/trades?limit=50
Sending Request to the Target: GET /api/v1/stats
Received Response from the Target: 404 /api/v1/stats
Sending Request to the Target: GET /api/v1/stats
Received Response from the Target: 404 /api/v1/stats
Received Response from the Target: 200 /api/v1/trades?limit=50
Sending Request to the Target: GET /api/v1/trades?limit=50
Received Response from the Target: 200 /api/v1/trades?limit=50
Received Response from the Target: 200 /api/v1/portfolio
Sending Request to the Target: GET /api/v1/portfolio
Received Response from the Target: 200 /api/v1/portfolio
Sending Request to the Target: GET /api/v1/system/config
Received Response from the Target: 200 /api/v1/system/config
Sending Request to the Target: GET /api/v1/system/config
Received Response from the Target: 200 /api/v1/system/config
Sending Request to the Target: POST /api/v1/user/reset-account
Received Response from the Target: 200 /api/v1/user/reset-account
Sending Request to the Target: GET /api/v1/portfolio
Sending Request to the Target: GET /api/v1/trades?limit=50
Sending Request to the Target: GET /api/v1/stats
Received Response from the Target: 404 /api/v1/stats
Sending Request to the Target: GET /api/v1/stats
Received Response from the Target: 404 /api/v1/stats
Received Response from the Target: 200 /api/v1/portfolio
Sending Request to the Target: GET /api/v1/portfolio
Received Response from the Target: 200 /api/v1/trades?limit=50
Sending Request to the Target: GET /api/v1/trades?limit=50
Received Response from the Target: 200 /api/v1/portfolio
Received Response from the Target: 200 /api/v1/trades?limit=50
Sending Request to the Target: GET /api/v1/market/stocks
Sending Request to the Target: GET /api/v1/orders
Sending Request to the Target: GET /api/v1/portfolio
Received Response from the Target: 200 /api/v1/portfolio
Sending Request to the Target: GET /api/v1/portfolio
Received Response from the Target: 200 /api/v1/portfolio
Received Response from the Target: 200 /api/v1/orders
Sending Request to the Target: GET /api/v1/orders
Received Response from the Target: 200 /api/v1/orders
Received Response from the Target: 200 /api/v1/market/stocks
Sending Request to the Target: GET /api/v1/market/stocks
Received Response from the Target: 200 /api/v1/market/stocks
Sending Request to the Target: GET /api/v1/orders
Received Response from the Target: 200 /api/v1/orders
Sending Request to the Target: GET /api/v1/orders
Received Response from the Target: 200 /api/v1/orders
Sending Request to the Target: GET /api/v1/market/stocks
Sending Request to the Target: GET /api/v1/orders
Received Response from the Target: 200 /api/v1/orders
Received Response from the Target: 200 /api/v1/market/stocks
Sending Request to the Target: GET /api/v1/orders
Received Response from the Target: 200 /api/v1/orders
Sending Request to the Target: GET /api/v1/orders
Received Response from the Target: 200 /api/v1/orders
Sending Request to the Target: GET /api/v1/market/stocks
Sending Request to the Target: GET /api/v1/orders
Received Response from the Target: 200 /api/v1/orders
Received Response from the Target: 200 /api/v1/market/stocks
Sending Request to the Target: GET /api/v1/orders
Received Response from the Target: 200 /api/v1/orders
Sending Request to the Target: GET /api/v1/orders
Received Response from the Target: 200 /api/v1/orders
Sending Request to the Target: GET /api/v1/market/stocks
Sending Request to the Target: GET /api/v1/orders
Received Response from the Target: 200 /api/v1/orders
Received Response from the Target: 200 /api/v1/market/stocks
Sending Request to the Target: GET /api/v1/orders
Received Response from the Target: 200 /api/v1/orders
Sending Request to the Target: GET /api/v1/market/stocks
Received Response from the Target: 200 /api/v1/market/stocks
Sending Request to the Target: GET /api/v1/market/stocks
Received Response from the Target: 200 /api/v1/market/stocks
Sending Request to the Target: GET /api/v1/orders
Received Response from the Target: 200 /api/v1/orders
Sending Request to the Target: GET /api/v1/market/stocks
Received Response from the Target: 200 /api/v1/market/stocks
Sending Request to the Target: GET /api/v1/orders
Sending Request to the Target: GET /api/v1/market/stocks
Received Response from the Target: 200 /api/v1/orders
Received Response from the Target: 200 /api/v1/market/stocks
Sending Request to the Target: GET /api/v1/orders
Sending Request to the Target: GET /api/v1/market/stocks
Received Response from the Target: 200 /api/v1/orders
Received Response from the Target: 200 /api/v1/market/stocks
Sending Request to the Target: GET /api/v1/orders
Sending Request to the Target: GET /api/v1/market/stocks
Received Response from the Target: 200 /api/v1/orders
Received Response from the Target: 200 /api/v1/market/stocks
Sending Request to the Target: GET /api/v1/orders
Sending Request to the Target: GET /api/v1/market/stocks
Received Response from the Target: 200 /api/v1/orders
Received Response from the Target: 200 /api/v1/market/stocks
