{"level":"info","msg":"交易處理器初始化完成","time":"2025-06-08T05:44:08+08:00"}
[GIN-debug] [WARNING] Creating an Engine instance with the Logger and Recovery middleware already attached.

[GIN-debug] [WARNING] Running in "debug" mode. Switch to "release" mode in production.
 - using env:	export GIN_MODE=release
 - using code:	gin.SetMode(gin.ReleaseMode)

[GIN-debug] GET    /health                   --> trading-api/handlers.HealthCheck (5 handlers)
[GIN-debug] POST   /api/v1/orders            --> trading-api/handlers.CreateOrder (5 handlers)
[GIN-debug] GET    /api/v1/orders/:id        --> trading-api/handlers.GetOrder (5 handlers)
[GIN-debug] PUT    /api/v1/orders/:id        --> trading-api/handlers.UpdateOrder (5 handlers)
[GIN-debug] DELETE /api/v1/orders/:id        --> trading-api/handlers.CancelOrder (5 handlers)
[GIN-debug] GET    /api/v1/orders            --> trading-api/handlers.GetUserOrders (5 handlers)
[GIN-debug] GET    /api/v1/portfolio         --> trading-api/handlers.GetPortfolio (5 handlers)
[GIN-debug] GET    /api/v1/portfolio/history --> trading-api/handlers.GetPortfolioHistory (5 handlers)
[GIN-debug] GET    /api/v1/trades            --> trading-api/handlers.GetTradingHistory (5 handlers)
[GIN-debug] GET    /api/v1/trading-stats     --> trading-api/handlers.GetTradingStats (5 handlers)
[GIN-debug] GET    /api/v1/market/quote/:symbol --> trading-api/handlers.GetStockQuote (5 handlers)
[GIN-debug] GET    /api/v1/market/stocks     --> trading-api/handlers.GetSupportedStocks (5 handlers)
[GIN-debug] GET    /api/v1/user/profile      --> trading-api/handlers.GetUserProfile (5 handlers)
[GIN-debug] PUT    /api/v1/user/profile      --> trading-api/handlers.UpdateUserProfile (5 handlers)
[GIN-debug] POST   /api/v1/user/reset-account --> trading-api/handlers.ResetAccount (5 handlers)
[GIN-debug] GET    /api/v1/system/config     --> trading-api/handlers.GetSystemConfig (5 handlers)
[GIN-debug] PUT    /api/v1/system/config     --> trading-api/handlers.UpdateSystemConfig (5 handlers)
[GIN-debug] GET    /api/v1/security/tests    --> trading-api/handlers.GetSecurityTestOverview (5 handlers)
[GIN-debug] POST   /api/v1/security/test/command --> trading-api/handlers.TestCommandInjection (5 handlers)
[GIN-debug] POST   /api/v1/security/test/file --> trading-api/handlers.TestFileAccess (5 handlers)
[GIN-debug] POST   /api/v1/security/test/network --> trading-api/handlers.TestNetworkScan (5 handlers)
[GIN-debug] POST   /api/v1/security/test/sensitive --> trading-api/handlers.TestSensitiveDataLeak (5 handlers)
[GIN-debug] POST   /api/v1/security/test/sql --> trading-api/handlers.TestSQLInjection (5 handlers)
[GIN-debug] POST   /api/v1/security/test/privilege --> trading-api/handlers.TestPrivilegeEscalation (5 handlers)
[GIN-debug] POST   /api/v1/security/test/crypto --> trading-api/handlers.TestCryptoWeakness (5 handlers)
[GIN-debug] POST   /api/v1/security/test/memory --> trading-api/handlers.TestMemoryDump (5 handlers)
[GIN-debug] POST   /api/v1/security/test/comprehensive --> trading-api/handlers.RunComprehensiveSecurityTest (5 handlers)
[GIN-debug] GET    /api/v1/monitoring/service --> main.getServiceMetrics (5 handlers)
[GIN-debug] GET    /api/v1/monitoring/overview --> main.getSystemOverview (5 handlers)
[GIN-debug] GET    /api/v1/monitoring/instances --> main.getInstancesInfo (5 handlers)
[GIN-debug] GET    /api/v1/tetragon/events   --> trading-api/handlers.GetTetragonEvents (5 handlers)
[GIN-debug] GET    /api/v1/tetragon/alerts   --> trading-api/handlers.GetSecurityAlerts (5 handlers)
[GIN-debug] GET    /api/v1/tetragon/statistics --> trading-api/handlers.GetEventStatistics (5 handlers)
[GIN-debug] GET    /api/v1/tetragon/ws       --> trading-api/handlers.TetragonWebSocketHandler (5 handlers)
[GIN-debug] GET    /metrics                  --> main.main.WrapH.func2 (5 handlers)
2025/06/08 05:44:08 🚀 Trading API 服務器啟動在端口 30080
2025/06/08 05:44:08 📊 健康檢查: http://localhost:30080/health
2025/06/08 05:44:08 📈 API文檔: http://localhost:30080/api/v1/
2025/06/08 05:44:08 🚨 安全測試: http://localhost:30080/api/v1/security/tests
2025/06/08 05:44:08 🔍 Tetragon事件: http://localhost:30080/api/v1/tetragon/events
2025/06/08 05:44:08 📡 WebSocket事件流: ws://localhost:30080/api/v1/tetragon/ws
2025/06/08 05:44:08 📊 Prometheus指標: http://localhost:30080/metrics
{"change":3.289999999999992,"changePercent":1.6398345212580334,"level":"info","msg":"獲取實時股價成功","price":203.92,"symbol":"AAPL","time":"2025-06-08T05:44:09+08:00"}
[GIN] 2025/06/08 - 05:44:09 | 200 |  254.495458ms |             ::1 | GET      "/health"
2025/06/08 05:44:10 🚨 安全告警: HIGH - 可疑命令執行: curl 訪問外部域名
2025/06/08 05:44:10 🚨 安全告警: CRITICAL - 敏感文件訪問: /etc/passwd
2025/06/08 05:44:12 🚨 安全告警: HIGH - 可疑命令執行: curl 訪問外部域名
2025/06/08 05:44:12 🚨 安全告警: CRITICAL - 敏感文件訪問: /etc/passwd
2025/06/08 05:44:15 🚨 安全告警: HIGH - 可疑命令執行: curl 訪問外部域名
2025/06/08 05:44:15 🚨 安全告警: CRITICAL - 敏感文件訪問: /etc/passwd
2025/06/08 05:44:17 🚨 安全告警: HIGH - 可疑命令執行: curl 訪問外部域名
2025/06/08 05:44:17 🚨 安全告警: CRITICAL - 敏感文件訪問: /etc/passwd
2025/06/08 05:44:19 🚨 安全告警: HIGH - 可疑命令執行: curl 訪問外部域名
2025/06/08 05:44:19 🚨 安全告警: CRITICAL - 敏感文件訪問: /etc/passwd
[GIN] 2025/06/08 - 05:44:21 | 200 |   15.228417ms |             ::1 | GET      "/api/v1/user/profile"
[GIN] 2025/06/08 - 05:44:21 | 200 |     432.292µs |             ::1 | GET      "/api/v1/user/profile"
[GIN] 2025/06/08 - 05:44:21 | 200 |     310.125µs |             ::1 | GET      "/api/v1/user/profile"
[GIN] 2025/06/08 - 05:44:21 | 200 |     189.291µs |             ::1 | GET      "/api/v1/user/profile"
{"change":3.289999999999992,"changePercent":1.6398345212580334,"level":"info","msg":"獲取實時股價成功","price":203.92,"symbol":"AAPL","time":"2025-06-08T05:44:22+08:00"}
[GIN] 2025/06/08 - 05:44:22 | 200 |   114.09575ms |             ::1 | GET      "/health"
2025/06/08 05:44:22 🚨 安全告警: HIGH - 可疑命令執行: curl 訪問外部域名
2025/06/08 05:44:22 🚨 安全告警: CRITICAL - 敏感文件訪問: /etc/passwd
2025/06/08 05:44:24 🚨 安全告警: HIGH - 可疑命令執行: curl 訪問外部域名
2025/06/08 05:44:24 🚨 安全告警: CRITICAL - 敏感文件訪問: /etc/passwd
2025/06/08 05:44:27 🚨 安全告警: HIGH - 可疑命令執行: curl 訪問外部域名
2025/06/08 05:44:27 🚨 安全告警: CRITICAL - 敏感文件訪問: /etc/passwd
{"level":"error","msg":"!!!!!! EXECUTING SECURITY TEST COMMAND: ps aux !!!!!!","time":"2025-06-08T05:44:28+08:00"}
{"level":"warning","msg":"🚨 安全測試 - 命令注入: 用戶執行命令 'ps aux'","time":"2025-06-08T05:44:28+08:00"}
[GIN] 2025/06/08 - 05:44:28 | 200 |  667.367708ms |             ::1 | POST     "/api/v1/security/test/command"
2025/06/08 05:44:29 🚨 安全告警: HIGH - 可疑命令執行: curl 訪問外部域名
2025/06/08 05:44:29 🚨 安全告警: CRITICAL - 敏感文件訪問: /etc/passwd
2025/06/08 05:44:31 🚨 安全告警: HIGH - 可疑命令執行: curl 訪問外部域名
2025/06/08 05:44:31 🚨 安全告警: CRITICAL - 敏感文件訪問: /etc/passwd
2025/06/08 05:44:34 🚨 安全告警: HIGH - 可疑命令執行: curl 訪問外部域名
2025/06/08 05:44:34 🚨 安全告警: CRITICAL - 敏感文件訪問: /etc/passwd
2025/06/08 05:44:36 🚨 安全告警: HIGH - 可疑命令執行: curl 訪問外部域名
2025/06/08 05:44:36 🚨 安全告警: CRITICAL - 敏感文件訪問: /etc/passwd
[GIN] 2025/06/08 - 05:44:37 | 200 |    3.541916ms |             ::1 | GET      "/api/v1/monitoring/instances"
{"change":3.289999999999992,"changePercent":1.6398345212580334,"level":"info","msg":"獲取實時股價成功","price":203.92,"symbol":"AAPL","time":"2025-06-08T05:44:37+08:00"}
[GIN] 2025/06/08 - 05:44:37 | 200 |  110.861958ms |             ::1 | GET      "/health"
{"change":3.289999999999992,"changePercent":1.6398345212580334,"level":"info","msg":"獲取實時股價成功","price":203.92,"symbol":"AAPL","time":"2025-06-08T05:44:37+08:00"}
[GIN] 2025/06/08 - 05:44:37 | 200 |  126.134125ms |             ::1 | GET      "/health"
[GIN] 2025/06/08 - 05:44:37 | 200 |   138.97175ms |             ::1 | GET      "/api/v1/monitoring/overview"
2025/06/08 05:44:38 🚨 安全告警: HIGH - 可疑命令執行: curl 訪問外部域名
2025/06/08 05:44:38 🚨 安全告警: CRITICAL - 敏感文件訪問: /etc/passwd
[GIN] 2025/06/08 - 05:44:39 | 200 |     533.542µs |             ::1 | GET      "/api/v1/monitoring/service"
2025/06/08 05:44:40 🚨 安全告警: HIGH - 可疑命令執行: curl 訪問外部域名
2025/06/08 05:44:40 🚨 安全告警: CRITICAL - 敏感文件訪問: /etc/passwd
2025/06/08 05:44:43 🚨 安全告警: HIGH - 可疑命令執行: curl 訪問外部域名
2025/06/08 05:44:43 🚨 安全告警: CRITICAL - 敏感文件訪問: /etc/passwd
{"level":"warning","msg":"🚨 安全測試 - 文件訪問: 用戶嘗試 read 文件 '/etc/passwd'","time":"2025-06-08T05:44:45+08:00"}
[GIN] 2025/06/08 - 05:44:45 | 200 |     1.55775ms |             ::1 | POST     "/api/v1/security/test/file"
2025/06/08 05:44:46 🚨 安全告警: HIGH - 可疑命令執行: curl 訪問外部域名
2025/06/08 05:44:46 🚨 安全告警: CRITICAL - 敏感文件訪問: /etc/passwd
2025/06/08 05:44:48 🚨 安全告警: HIGH - 可疑命令執行: curl 訪問外部域名
2025/06/08 05:44:48 🚨 安全告警: CRITICAL - 敏感文件訪問: /etc/passwd
2025/06/08 05:44:50 🚨 安全告警: HIGH - 可疑命令執行: curl 訪問外部域名
2025/06/08 05:44:50 🚨 安全告警: CRITICAL - 敏感文件訪問: /etc/passwd
{"level":"error","msg":"!!!!!! EXECUTING SECURITY TEST COMMAND: ps aux !!!!!!","time":"2025-06-08T05:44:52+08:00"}
{"level":"warning","msg":"🚨 安全測試 - 命令注入: 用戶執行命令 'ps aux'","time":"2025-06-08T05:44:52+08:00"}
[GIN] 2025/06/08 - 05:44:52 | 200 |  612.484541ms |             ::1 | POST     "/api/v1/security/test/command"
2025/06/08 05:44:53 🚨 安全告警: HIGH - 可疑命令執行: curl 訪問外部域名
2025/06/08 05:44:53 🚨 安全告警: CRITICAL - 敏感文件訪問: /etc/passwd
2025/06/08 05:44:55 🚨 安全告警: HIGH - 可疑命令執行: curl 訪問外部域名
2025/06/08 05:44:55 🚨 安全告警: CRITICAL - 敏感文件訪問: /etc/passwd
2025/06/08 05:44:57 🚨 安全告警: HIGH - 可疑命令執行: curl 訪問外部域名
2025/06/08 05:44:57 🚨 安全告警: CRITICAL - 敏感文件訪問: /etc/passwd
2025/06/08 05:45:00 🚨 安全告警: HIGH - 可疑命令執行: curl 訪問外部域名
2025/06/08 05:45:00 🚨 安全告警: CRITICAL - 敏感文件訪問: /etc/passwd
[GIN] 2025/06/08 - 05:45:00 | 400 |      185.25µs |             ::1 | POST     "/api/v1/security/test/network"
2025/06/08 05:45:02 🚨 安全告警: HIGH - 可疑命令執行: curl 訪問外部域名
2025/06/08 05:45:02 🚨 安全告警: CRITICAL - 敏感文件訪問: /etc/passwd
2025/06/08 05:45:05 🚨 安全告警: HIGH - 可疑命令執行: curl 訪問外部域名
2025/06/08 05:45:05 🚨 安全告警: CRITICAL - 敏感文件訪問: /etc/passwd
2025/06/08 05:45:07 🚨 安全告警: HIGH - 可疑命令執行: curl 訪問外部域名
2025/06/08 05:45:07 🚨 安全告警: CRITICAL - 敏感文件訪問: /etc/passwd
2025/06/08 05:45:09 🚨 安全告警: HIGH - 可疑命令執行: curl 訪問外部域名
2025/06/08 05:45:09 🚨 安全告警: CRITICAL - 敏感文件訪問: /etc/passwd
2025/06/08 05:45:12 🚨 安全告警: HIGH - 可疑命令執行: curl 訪問外部域名
2025/06/08 05:45:12 🚨 安全告警: CRITICAL - 敏感文件訪問: /etc/passwd
[GIN] 2025/06/08 - 05:45:14 | 400 |     139.583µs |             ::1 | POST     "/api/v1/security/test/sensitive"
2025/06/08 05:45:14 🚨 安全告警: HIGH - 可疑命令執行: curl 訪問外部域名
2025/06/08 05:45:14 🚨 安全告警: CRITICAL - 敏感文件訪問: /etc/passwd
2025/06/08 05:45:16 🚨 安全告警: HIGH - 可疑命令執行: curl 訪問外部域名
2025/06/08 05:45:16 🚨 安全告警: CRITICAL - 敏感文件訪問: /etc/passwd
2025/06/08 05:45:19 🚨 安全告警: HIGH - 可疑命令執行: curl 訪問外部域名
2025/06/08 05:45:19 🚨 安全告警: CRITICAL - 敏感文件訪問: /etc/passwd
2025/06/08 05:45:21 🚨 安全告警: HIGH - 可疑命令執行: curl 訪問外部域名
2025/06/08 05:45:21 🚨 安全告警: CRITICAL - 敏感文件訪問: /etc/passwd
[GIN] 2025/06/08 - 05:45:21 | 400 |       127.5µs |             ::1 | POST     "/api/v1/security/test/privilege"
2025/06/08 05:45:23 🚨 安全告警: HIGH - 可疑命令執行: curl 訪問外部域名
2025/06/08 05:45:23 🚨 安全告警: CRITICAL - 敏感文件訪問: /etc/passwd
2025/06/08 05:45:26 🚨 安全告警: HIGH - 可疑命令執行: curl 訪問外部域名
2025/06/08 05:45:26 🚨 安全告警: CRITICAL - 敏感文件訪問: /etc/passwd
2025/06/08 05:45:28 🚨 安全告警: HIGH - 可疑命令執行: curl 訪問外部域名
2025/06/08 05:45:28 🚨 安全告警: CRITICAL - 敏感文件訪問: /etc/passwd
[GIN] 2025/06/08 - 05:45:30 | 400 |     123.625µs |             ::1 | POST     "/api/v1/security/test/privilege"
2025/06/08 05:45:31 🚨 安全告警: HIGH - 可疑命令執行: curl 訪問外部域名
2025/06/08 05:45:31 🚨 安全告警: CRITICAL - 敏感文件訪問: /etc/passwd
[GIN] 2025/06/08 - 05:45:31 | 400 |     136.125µs |             ::1 | POST     "/api/v1/security/test/crypto"
2025/06/08 05:45:33 🚨 安全告警: HIGH - 可疑命令執行: curl 訪問外部域名
2025/06/08 05:45:33 🚨 安全告警: CRITICAL - 敏感文件訪問: /etc/passwd
[GIN] 2025/06/08 - 05:45:34 | 400 |     177.291µs |             ::1 | POST     "/api/v1/security/test/crypto"
2025/06/08 05:45:35 🚨 安全告警: HIGH - 可疑命令執行: curl 訪問外部域名
2025/06/08 05:45:35 🚨 安全告警: CRITICAL - 敏感文件訪問: /etc/passwd
[GIN] 2025/06/08 - 05:45:36 | 400 |     632.542µs |             ::1 | POST     "/api/v1/security/test/memory"
[GIN] 2025/06/08 - 05:45:36 | 200 |     2.14175ms |             ::1 | GET      "/api/v1/monitoring/instances"
{"change":3.289999999999992,"changePercent":1.6398345212580334,"level":"info","msg":"獲取實時股價成功","price":203.92,"symbol":"AAPL","time":"2025-06-08T05:45:36+08:00"}
[GIN] 2025/06/08 - 05:45:36 | 200 |   94.201625ms |             ::1 | GET      "/health"
{"change":3.289999999999992,"changePercent":1.6398345212580334,"level":"info","msg":"獲取實時股價成功","price":203.92,"symbol":"AAPL","time":"2025-06-08T05:45:36+08:00"}
[GIN] 2025/06/08 - 05:45:36 | 200 |  120.480625ms |             ::1 | GET      "/health"
[GIN] 2025/06/08 - 05:45:36 | 200 |  126.522667ms |             ::1 | GET      "/api/v1/monitoring/overview"
[GIN] 2025/06/08 - 05:45:36 | 200 |     275.791µs |             ::1 | GET      "/api/v1/monitoring/service"
[GIN] 2025/06/08 - 05:45:37 | 400 |     257.917µs |             ::1 | POST     "/api/v1/security/test/memory"
[GIN] 2025/06/08 - 05:45:38 | 400 |      61.459µs |             ::1 | POST     "/api/v1/security/test/privilege"
2025/06/08 05:45:38 🚨 安全告警: HIGH - 可疑命令執行: curl 訪問外部域名
2025/06/08 05:45:38 🚨 安全告警: CRITICAL - 敏感文件訪問: /etc/passwd
[GIN] 2025/06/08 - 05:45:38 | 400 |     103.792µs |             ::1 | POST     "/api/v1/security/test/sensitive"
{"level":"error","msg":"!!!!!! EXECUTING SECURITY TEST COMMAND: ps aux !!!!!!","time":"2025-06-08T05:45:40+08:00"}
2025/06/08 05:45:40 🚨 安全告警: HIGH - 可疑命令執行: curl 訪問外部域名
2025/06/08 05:45:40 🚨 安全告警: CRITICAL - 敏感文件訪問: /etc/passwd
{"level":"warning","msg":"🚨 安全測試 - 命令注入: 用戶執行命令 'ps aux'","time":"2025-06-08T05:45:40+08:00"}
[GIN] 2025/06/08 - 05:45:40 | 200 |  382.198708ms |             ::1 | POST     "/api/v1/security/test/command"
{"level":"warning","msg":"🚨 安全測試 - 文件訪問: 用戶嘗試 read 文件 '/etc/passwd'","time":"2025-06-08T05:45:41+08:00"}
[GIN] 2025/06/08 - 05:45:41 | 200 |    2.220459ms |             ::1 | POST     "/api/v1/security/test/file"
2025/06/08 05:45:42 🚨 安全告警: HIGH - 可疑命令執行: curl 訪問外部域名
2025/06/08 05:45:42 🚨 安全告警: CRITICAL - 敏感文件訪問: /etc/passwd
[GIN] 2025/06/08 - 05:45:43 | 400 |       121.5µs |             ::1 | POST     "/api/v1/security/test/network"
[GIN] 2025/06/08 - 05:45:44 | 400 |      81.792µs |             ::1 | POST     "/api/v1/security/test/sensitive"
2025/06/08 05:45:44 🚨 安全告警: HIGH - 可疑命令執行: curl 訪問外部域名
2025/06/08 05:45:44 🚨 安全告警: CRITICAL - 敏感文件訪問: /etc/passwd
[GIN] 2025/06/08 - 05:45:45 | 400 |      61.833µs |             ::1 | POST     "/api/v1/security/test/privilege"
[GIN] 2025/06/08 - 05:45:45 | 400 |      81.083µs |             ::1 | POST     "/api/v1/security/test/crypto"
[GIN] 2025/06/08 - 05:45:46 | 400 |     177.125µs |             ::1 | POST     "/api/v1/security/test/memory"
{"level":"warning","msg":"🚨 SQL注入測試: 執行查詢 'SELECT * FROM users WHERE username = 'SELECT * FROM users WHERE id = '1' OR '1'='1';''","time":"2025-06-08T05:45:46+08:00"}
[GIN] 2025/06/08 - 05:45:46 | 200 |     389.666µs |             ::1 | POST     "/api/v1/security/test/sql"
2025/06/08 05:45:47 🚨 安全告警: HIGH - 可疑命令執行: curl 訪問外部域名
2025/06/08 05:45:47 🚨 安全告警: CRITICAL - 敏感文件訪問: /etc/passwd
2025/06/08 05:45:50 🚨 安全告警: HIGH - 可疑命令執行: curl 訪問外部域名
2025/06/08 05:45:50 🚨 安全告警: CRITICAL - 敏感文件訪問: /etc/passwd
2025/06/08 05:45:52 🚨 安全告警: HIGH - 可疑命令執行: curl 訪問外部域名
2025/06/08 05:45:52 🚨 安全告警: CRITICAL - 敏感文件訪問: /etc/passwd
2025/06/08 05:45:54 🚨 安全告警: HIGH - 可疑命令執行: curl 訪問外部域名
2025/06/08 05:45:54 🚨 安全告警: CRITICAL - 敏感文件訪問: /etc/passwd
2025/06/08 05:45:56 🚨 安全告警: HIGH - 可疑命令執行: curl 訪問外部域名
2025/06/08 05:45:56 🚨 安全告警: CRITICAL - 敏感文件訪問: /etc/passwd
2025/06/08 05:45:59 🚨 安全告警: HIGH - 可疑命令執行: curl 訪問外部域名
2025/06/08 05:45:59 🚨 安全告警: CRITICAL - 敏感文件訪問: /etc/passwd
2025/06/08 05:46:01 🚨 安全告警: HIGH - 可疑命令執行: curl 訪問外部域名
2025/06/08 05:46:01 🚨 安全告警: CRITICAL - 敏感文件訪問: /etc/passwd
2025/06/08 05:46:03 🚨 安全告警: HIGH - 可疑命令執行: curl 訪問外部域名
2025/06/08 05:46:03 🚨 安全告警: CRITICAL - 敏感文件訪問: /etc/passwd
2025/06/08 05:46:06 🚨 安全告警: HIGH - 可疑命令執行: curl 訪問外部域名
2025/06/08 05:46:06 🚨 安全告警: CRITICAL - 敏感文件訪問: /etc/passwd
2025/06/08 05:46:08 🚨 安全告警: HIGH - 可疑命令執行: curl 訪問外部域名
2025/06/08 05:46:08 🚨 安全告警: CRITICAL - 敏感文件訪問: /etc/passwd
2025/06/08 05:46:10 🚨 安全告警: HIGH - 可疑命令執行: curl 訪問外部域名
2025/06/08 05:46:10 🚨 安全告警: CRITICAL - 敏感文件訪問: /etc/passwd
2025/06/08 05:46:13 🚨 安全告警: HIGH - 可疑命令執行: curl 訪問外部域名
2025/06/08 05:46:13 🚨 安全告警: CRITICAL - 敏感文件訪問: /etc/passwd
2025/06/08 05:46:15 🚨 安全告警: HIGH - 可疑命令執行: curl 訪問外部域名
2025/06/08 05:46:15 🚨 安全告警: CRITICAL - 敏感文件訪問: /etc/passwd
2025/06/08 05:46:17 🚨 安全告警: HIGH - 可疑命令執行: curl 訪問外部域名
2025/06/08 05:46:17 🚨 安全告警: CRITICAL - 敏感文件訪問: /etc/passwd
2025/06/08 05:46:20 🚨 安全告警: HIGH - 可疑命令執行: curl 訪問外部域名
2025/06/08 05:46:20 🚨 安全告警: CRITICAL - 敏感文件訪問: /etc/passwd
2025/06/08 05:46:22 🚨 安全告警: HIGH - 可疑命令執行: curl 訪問外部域名
2025/06/08 05:46:22 🚨 安全告警: CRITICAL - 敏感文件訪問: /etc/passwd
2025/06/08 05:46:24 🚨 安全告警: HIGH - 可疑命令執行: curl 訪問外部域名
2025/06/08 05:46:24 🚨 安全告警: CRITICAL - 敏感文件訪問: /etc/passwd
2025/06/08 05:46:27 🚨 安全告警: HIGH - 可疑命令執行: curl 訪問外部域名
2025/06/08 05:46:27 🚨 安全告警: CRITICAL - 敏感文件訪問: /etc/passwd
{"level":"warning","msg":"🚨 安全測試 - 文件訪問: 用戶嘗試 read 文件 '/etc/passwd'","time":"2025-06-08T05:46:28+08:00"}
[GIN] 2025/06/08 - 05:46:28 | 200 |     3.48375ms |             ::1 | POST     "/api/v1/security/test/file"
{"level":"warning","msg":"🚨 安全測試 - 文件訪問: 用戶嘗試 read 文件 '/etc/passwd'","time":"2025-06-08T05:46:28+08:00"}
[GIN] 2025/06/08 - 05:46:28 | 200 |      5.4695ms |             ::1 | POST     "/api/v1/security/test/file"
2025/06/08 05:46:29 🚨 安全告警: HIGH - 可疑命令執行: curl 訪問外部域名
2025/06/08 05:46:29 🚨 安全告警: CRITICAL - 敏感文件訪問: /etc/passwd
[GIN] 2025/06/08 - 05:46:30 | 400 |      98.792µs |             ::1 | POST     "/api/v1/security/test/network"
2025/06/08 05:46:31 🚨 安全告警: HIGH - 可疑命令執行: curl 訪問外部域名
2025/06/08 05:46:31 🚨 安全告警: CRITICAL - 敏感文件訪問: /etc/passwd
2025/06/08 05:46:34 🚨 安全告警: HIGH - 可疑命令執行: curl 訪問外部域名
2025/06/08 05:46:34 🚨 安全告警: CRITICAL - 敏感文件訪問: /etc/passwd
[GIN] 2025/06/08 - 05:46:36 | 200 |     475.625µs |             ::1 | GET      "/api/v1/monitoring/instances"
{"change":3.289999999999992,"changePercent":1.6398345212580334,"level":"info","msg":"獲取實時股價成功","price":203.92,"symbol":"AAPL","time":"2025-06-08T05:46:36+08:00"}
[GIN] 2025/06/08 - 05:46:36 | 200 |   95.092125ms |             ::1 | GET      "/health"
[GIN] 2025/06/08 - 05:46:36 | 200 |         113µs |             ::1 | GET      "/api/v1/monitoring/service"
{"change":3.289999999999992,"changePercent":1.6398345212580334,"level":"info","msg":"獲取實時股價成功","price":203.92,"symbol":"AAPL","time":"2025-06-08T05:46:36+08:00"}
[GIN] 2025/06/08 - 05:46:36 | 200 |  130.190542ms |             ::1 | GET      "/health"
[GIN] 2025/06/08 - 05:46:36 | 200 |  135.109875ms |             ::1 | GET      "/api/v1/monitoring/overview"
2025/06/08 05:46:37 🚨 安全告警: HIGH - 可疑命令執行: curl 訪問外部域名
2025/06/08 05:46:37 🚨 安全告警: CRITICAL - 敏感文件訪問: /etc/passwd
2025/06/08 05:46:39 🚨 安全告警: HIGH - 可疑命令執行: curl 訪問外部域名
2025/06/08 05:46:39 🚨 安全告警: CRITICAL - 敏感文件訪問: /etc/passwd
[GIN] 2025/06/08 - 05:46:41 | 400 |       363.5µs |             ::1 | POST     "/api/v1/security/test/network"
2025/06/08 05:46:41 🚨 安全告警: HIGH - 可疑命令執行: curl 訪問外部域名
2025/06/08 05:46:41 🚨 安全告警: CRITICAL - 敏感文件訪問: /etc/passwd
2025/06/08 05:46:44 🚨 安全告警: HIGH - 可疑命令執行: curl 訪問外部域名
2025/06/08 05:46:44 🚨 安全告警: CRITICAL - 敏感文件訪問: /etc/passwd
2025/06/08 05:46:46 🚨 安全告警: HIGH - 可疑命令執行: curl 訪問外部域名
2025/06/08 05:46:46 🚨 安全告警: CRITICAL - 敏感文件訪問: /etc/passwd
2025/06/08 05:46:49 🚨 安全告警: HIGH - 可疑命令執行: curl 訪問外部域名
2025/06/08 05:46:49 🚨 安全告警: CRITICAL - 敏感文件訪問: /etc/passwd
2025/06/08 05:46:51 🚨 安全告警: HIGH - 可疑命令執行: curl 訪問外部域名
2025/06/08 05:46:51 🚨 安全告警: CRITICAL - 敏感文件訪問: /etc/passwd
2025/06/08 05:46:53 🚨 安全告警: HIGH - 可疑命令執行: curl 訪問外部域名
2025/06/08 05:46:53 🚨 安全告警: CRITICAL - 敏感文件訪問: /etc/passwd
2025/06/08 05:46:56 🚨 安全告警: HIGH - 可疑命令執行: curl 訪問外部域名
2025/06/08 05:46:56 🚨 安全告警: CRITICAL - 敏感文件訪問: /etc/passwd
2025/06/08 05:46:58 🚨 安全告警: HIGH - 可疑命令執行: curl 訪問外部域名
2025/06/08 05:46:58 🚨 安全告警: CRITICAL - 敏感文件訪問: /etc/passwd
2025/06/08 05:47:00 🚨 安全告警: HIGH - 可疑命令執行: curl 訪問外部域名
2025/06/08 05:47:00 🚨 安全告警: CRITICAL - 敏感文件訪問: /etc/passwd
2025/06/08 05:47:03 🚨 安全告警: HIGH - 可疑命令執行: curl 訪問外部域名
2025/06/08 05:47:03 🚨 安全告警: CRITICAL - 敏感文件訪問: /etc/passwd
2025/06/08 05:47:05 🚨 安全告警: HIGH - 可疑命令執行: curl 訪問外部域名
2025/06/08 05:47:05 🚨 安全告警: CRITICAL - 敏感文件訪問: /etc/passwd
2025/06/08 05:47:07 🚨 安全告警: HIGH - 可疑命令執行: curl 訪問外部域名
2025/06/08 05:47:07 🚨 安全告警: CRITICAL - 敏感文件訪問: /etc/passwd
2025/06/08 05:47:10 🚨 安全告警: HIGH - 可疑命令執行: curl 訪問外部域名
2025/06/08 05:47:10 🚨 安全告警: CRITICAL - 敏感文件訪問: /etc/passwd
2025/06/08 05:47:12 🚨 安全告警: HIGH - 可疑命令執行: curl 訪問外部域名
2025/06/08 05:47:12 🚨 安全告警: CRITICAL - 敏感文件訪問: /etc/passwd
2025/06/08 05:47:14 🚨 安全告警: HIGH - 可疑命令執行: curl 訪問外部域名
2025/06/08 05:47:14 🚨 安全告警: CRITICAL - 敏感文件訪問: /etc/passwd
2025/06/08 05:47:17 🚨 安全告警: HIGH - 可疑命令執行: curl 訪問外部域名
2025/06/08 05:47:17 🚨 安全告警: CRITICAL - 敏感文件訪問: /etc/passwd
2025/06/08 05:47:19 🚨 安全告警: HIGH - 可疑命令執行: curl 訪問外部域名
2025/06/08 05:47:19 🚨 安全告警: CRITICAL - 敏感文件訪問: /etc/passwd
2025/06/08 05:47:21 🚨 安全告警: HIGH - 可疑命令執行: curl 訪問外部域名
2025/06/08 05:47:21 🚨 安全告警: CRITICAL - 敏感文件訪問: /etc/passwd
2025/06/08 05:47:23 🚨 安全告警: HIGH - 可疑命令執行: curl 訪問外部域名
2025/06/08 05:47:23 🚨 安全告警: CRITICAL - 敏感文件訪問: /etc/passwd
2025/06/08 05:47:26 🚨 安全告警: HIGH - 可疑命令執行: curl 訪問外部域名
2025/06/08 05:47:26 🚨 安全告警: CRITICAL - 敏感文件訪問: /etc/passwd
2025/06/08 05:47:28 🚨 安全告警: HIGH - 可疑命令執行: curl 訪問外部域名
2025/06/08 05:47:28 🚨 安全告警: CRITICAL - 敏感文件訪問: /etc/passwd
2025/06/08 05:47:30 🚨 安全告警: HIGH - 可疑命令執行: curl 訪問外部域名
2025/06/08 05:47:30 🚨 安全告警: CRITICAL - 敏感文件訪問: /etc/passwd
2025/06/08 05:47:33 🚨 安全告警: HIGH - 可疑命令執行: curl 訪問外部域名
2025/06/08 05:47:33 🚨 安全告警: CRITICAL - 敏感文件訪問: /etc/passwd
2025/06/08 05:47:35 🚨 安全告警: HIGH - 可疑命令執行: curl 訪問外部域名
2025/06/08 05:47:35 🚨 安全告警: CRITICAL - 敏感文件訪問: /etc/passwd
[GIN] 2025/06/08 - 05:47:37 | 200 |     452.917µs |             ::1 | GET      "/api/v1/monitoring/instances"
{"change":3.289999999999992,"changePercent":1.6398345212580334,"level":"info","msg":"獲取實時股價成功","price":203.92,"symbol":"AAPL","time":"2025-06-08T05:47:37+08:00"}
[GIN] 2025/06/08 - 05:47:37 | 200 |    95.06375ms |             ::1 | GET      "/health"
{"change":3.289999999999992,"changePercent":1.6398345212580334,"level":"info","msg":"獲取實時股價成功","price":203.92,"symbol":"AAPL","time":"2025-06-08T05:47:37+08:00"}
[GIN] 2025/06/08 - 05:47:37 | 200 |  132.693084ms |             ::1 | GET      "/health"
[GIN] 2025/06/08 - 05:47:37 | 200 |  141.299833ms |             ::1 | GET      "/api/v1/monitoring/overview"
[GIN] 2025/06/08 - 05:47:37 | 200 |     370.417µs |             ::1 | GET      "/api/v1/monitoring/service"
2025/06/08 05:47:37 🚨 安全告警: HIGH - 可疑命令執行: curl 訪問外部域名
2025/06/08 05:47:37 🚨 安全告警: CRITICAL - 敏感文件訪問: /etc/passwd
2025/06/08 05:47:40 🚨 安全告警: HIGH - 可疑命令執行: curl 訪問外部域名
2025/06/08 05:47:40 🚨 安全告警: CRITICAL - 敏感文件訪問: /etc/passwd
2025/06/08 05:47:42 🚨 安全告警: HIGH - 可疑命令執行: curl 訪問外部域名
2025/06/08 05:47:42 🚨 安全告警: CRITICAL - 敏感文件訪問: /etc/passwd
2025/06/08 05:47:45 🚨 安全告警: HIGH - 可疑命令執行: curl 訪問外部域名
2025/06/08 05:47:45 🚨 安全告警: CRITICAL - 敏感文件訪問: /etc/passwd
2025/06/08 05:47:47 🚨 安全告警: HIGH - 可疑命令執行: curl 訪問外部域名
2025/06/08 05:47:47 🚨 安全告警: CRITICAL - 敏感文件訪問: /etc/passwd
2025/06/08 05:47:49 🚨 安全告警: HIGH - 可疑命令執行: curl 訪問外部域名
2025/06/08 05:47:49 🚨 安全告警: CRITICAL - 敏感文件訪問: /etc/passwd
2025/06/08 05:47:52 🚨 安全告警: HIGH - 可疑命令執行: curl 訪問外部域名
2025/06/08 05:47:52 🚨 安全告警: CRITICAL - 敏感文件訪問: /etc/passwd
2025/06/08 05:47:54 🚨 安全告警: HIGH - 可疑命令執行: curl 訪問外部域名
2025/06/08 05:47:54 🚨 安全告警: CRITICAL - 敏感文件訪問: /etc/passwd
2025/06/08 05:47:56 🚨 安全告警: HIGH - 可疑命令執行: curl 訪問外部域名
2025/06/08 05:47:56 🚨 安全告警: CRITICAL - 敏感文件訪問: /etc/passwd
2025/06/08 05:47:59 🚨 安全告警: HIGH - 可疑命令執行: curl 訪問外部域名
2025/06/08 05:47:59 🚨 安全告警: CRITICAL - 敏感文件訪問: /etc/passwd
2025/06/08 05:48:01 🚨 安全告警: HIGH - 可疑命令執行: curl 訪問外部域名
2025/06/08 05:48:01 🚨 安全告警: CRITICAL - 敏感文件訪問: /etc/passwd
2025/06/08 05:48:03 🚨 安全告警: HIGH - 可疑命令執行: curl 訪問外部域名
2025/06/08 05:48:03 🚨 安全告警: CRITICAL - 敏感文件訪問: /etc/passwd
2025/06/08 05:48:06 🚨 安全告警: HIGH - 可疑命令執行: curl 訪問外部域名
2025/06/08 05:48:06 🚨 安全告警: CRITICAL - 敏感文件訪問: /etc/passwd
2025/06/08 05:48:08 🚨 安全告警: HIGH - 可疑命令執行: curl 訪問外部域名
2025/06/08 05:48:08 🚨 安全告警: CRITICAL - 敏感文件訪問: /etc/passwd
2025/06/08 05:48:10 🚨 安全告警: HIGH - 可疑命令執行: curl 訪問外部域名
2025/06/08 05:48:10 🚨 安全告警: CRITICAL - 敏感文件訪問: /etc/passwd
2025/06/08 05:48:12 🚨 安全告警: HIGH - 可疑命令執行: curl 訪問外部域名
2025/06/08 05:48:12 🚨 安全告警: CRITICAL - 敏感文件訪問: /etc/passwd
2025/06/08 05:48:15 🚨 安全告警: HIGH - 可疑命令執行: curl 訪問外部域名
2025/06/08 05:48:15 🚨 安全告警: CRITICAL - 敏感文件訪問: /etc/passwd
2025/06/08 05:48:17 🚨 安全告警: HIGH - 可疑命令執行: curl 訪問外部域名
2025/06/08 05:48:17 🚨 安全告警: CRITICAL - 敏感文件訪問: /etc/passwd
2025/06/08 05:48:20 🚨 安全告警: HIGH - 可疑命令執行: curl 訪問外部域名
2025/06/08 05:48:20 🚨 安全告警: CRITICAL - 敏感文件訪問: /etc/passwd
2025/06/08 05:48:22 🚨 安全告警: HIGH - 可疑命令執行: curl 訪問外部域名
2025/06/08 05:48:22 🚨 安全告警: CRITICAL - 敏感文件訪問: /etc/passwd
2025/06/08 05:48:24 🚨 安全告警: HIGH - 可疑命令執行: curl 訪問外部域名
2025/06/08 05:48:24 🚨 安全告警: CRITICAL - 敏感文件訪問: /etc/passwd
2025/06/08 05:48:26 🚨 安全告警: HIGH - 可疑命令執行: curl 訪問外部域名
2025/06/08 05:48:26 🚨 安全告警: CRITICAL - 敏感文件訪問: /etc/passwd
2025/06/08 05:48:29 🚨 安全告警: HIGH - 可疑命令執行: curl 訪問外部域名
2025/06/08 05:48:29 🚨 安全告警: CRITICAL - 敏感文件訪問: /etc/passwd
{"level":"error","msg":"!!!!!! EXECUTING SECURITY TEST COMMAND: ps aux !!!!!!","time":"2025-06-08T05:48:30+08:00"}
{"level":"warning","msg":"🚨 安全測試 - 命令注入: 用戶執行命令 'ps aux'","time":"2025-06-08T05:48:31+08:00"}
[GIN] 2025/06/08 - 05:48:31 | 200 |  798.381375ms |             ::1 | POST     "/api/v1/security/test/command"
2025/06/08 05:48:31 🚨 安全告警: HIGH - 可疑命令執行: curl 訪問外部域名
2025/06/08 05:48:31 🚨 安全告警: CRITICAL - 敏感文件訪問: /etc/passwd
{"level":"warning","msg":"🚨 安全測試 - 文件訪問: 用戶嘗試 read 文件 '/etc/passwd'","time":"2025-06-08T05:48:32+08:00"}
[GIN] 2025/06/08 - 05:48:32 | 200 |    1.828875ms |             ::1 | POST     "/api/v1/security/test/file"
{"level":"warning","msg":"🚨 安全測試 - 文件訪問: 用戶嘗試 read 文件 '/etc/passwd'","time":"2025-06-08T05:48:33+08:00"}
[GIN] 2025/06/08 - 05:48:33 | 200 |    1.584458ms |             ::1 | POST     "/api/v1/security/test/file"
{"level":"warning","msg":"🚨 安全測試 - 網絡掃描: 用戶掃描 risk-engine 類型 ping","time":"2025-06-08T05:48:33+08:00"}
[GIN] 2025/06/08 - 05:48:33 | 200 |   71.807209ms |             ::1 | POST     "/api/v1/security/test/network"
2025/06/08 05:48:33 🚨 安全告警: HIGH - 可疑命令執行: curl 訪問外部域名
2025/06/08 05:48:33 🚨 安全告警: CRITICAL - 敏感文件訪問: /etc/passwd
{"level":"error","msg":"🚨 信用卡數據洩露: 卡號 4532-1234-5678-9012, CVV 123","time":"2025-06-08T05:48:34+08:00"}
{"level":"warning","msg":"🚨 安全測試 - 敏感數據: 處理 credit_card 類型數據","time":"2025-06-08T05:48:34+08:00"}
[GIN] 2025/06/08 - 05:48:34 | 200 |     243.333µs |             ::1 | POST     "/api/v1/security/test/sensitive"
{"level":"warning","msg":"🚨 安全測試 - 權限提升: 執行 sudo 檢測","time":"2025-06-08T05:48:35+08:00"}
[GIN] 2025/06/08 - 05:48:35 | 200 |  226.599209ms |             ::1 | POST     "/api/v1/security/test/privilege"
2025/06/08 05:48:36 🚨 安全告警: HIGH - 可疑命令執行: curl 訪問外部域名
2025/06/08 05:48:36 🚨 安全告警: CRITICAL - 敏感文件訪問: /etc/passwd
[GIN] 2025/06/08 - 05:48:36 | 200 |      2.5265ms |             ::1 | GET      "/api/v1/monitoring/instances"
{"change":3.289999999999992,"changePercent":1.6398345212580334,"level":"info","msg":"獲取實時股價成功","price":203.92,"symbol":"AAPL","time":"2025-06-08T05:48:36+08:00"}
[GIN] 2025/06/08 - 05:48:36 | 200 |    98.04725ms |             ::1 | GET      "/health"
[GIN] 2025/06/08 - 05:48:36 | 200 |  116.023417ms |             ::1 | GET      "/api/v1/monitoring/overview"
{"change":3.289999999999992,"changePercent":1.6398345212580334,"level":"info","msg":"獲取實時股價成功","price":203.92,"symbol":"AAPL","time":"2025-06-08T05:48:36+08:00"}
[GIN] 2025/06/08 - 05:48:36 | 200 |  189.711125ms |             ::1 | GET      "/health"
{"level":"warning","msg":"🚨 加密測試: 使用 md5 算法處理數據","time":"2025-06-08T05:48:36+08:00"}
[GIN] 2025/06/08 - 05:48:36 | 200 |     326.958µs |             ::1 | POST     "/api/v1/security/test/crypto"
[GIN] 2025/06/08 - 05:48:36 | 200 |      450.25µs |             ::1 | GET      "/api/v1/monitoring/service"
{"level":"warning","msg":"🚨 安全測試 - 內存轉儲: 執行 process 轉儲","time":"2025-06-08T05:48:38+08:00"}
[GIN] 2025/06/08 - 05:48:38 | 200 |     266.833µs |             ::1 | POST     "/api/v1/security/test/memory"
2025/06/08 05:48:38 🚨 安全告警: HIGH - 可疑命令執行: curl 訪問外部域名
2025/06/08 05:48:38 🚨 安全告警: CRITICAL - 敏感文件訪問: /etc/passwd
{"level":"warning","msg":"🚨 SQL注入測試: 執行查詢 'SELECT * FROM users WHERE username = 'SELECT * FROM users WHERE id = '1' OR '1'='1';''","time":"2025-06-08T05:48:39+08:00"}
[GIN] 2025/06/08 - 05:48:39 | 200 |      144.25µs |             ::1 | POST     "/api/v1/security/test/sql"
2025/06/08 05:48:41 🚨 安全告警: HIGH - 可疑命令執行: curl 訪問外部域名
2025/06/08 05:48:41 🚨 安全告警: CRITICAL - 敏感文件訪問: /etc/passwd
2025/06/08 05:48:43 🚨 安全告警: HIGH - 可疑命令執行: curl 訪問外部域名
2025/06/08 05:48:43 🚨 安全告警: CRITICAL - 敏感文件訪問: /etc/passwd
2025/06/08 05:48:45 🚨 安全告警: HIGH - 可疑命令執行: curl 訪問外部域名
2025/06/08 05:48:45 🚨 安全告警: CRITICAL - 敏感文件訪問: /etc/passwd
2025/06/08 05:48:48 🚨 安全告警: HIGH - 可疑命令執行: curl 訪問外部域名
2025/06/08 05:48:48 🚨 安全告警: CRITICAL - 敏感文件訪問: /etc/passwd
2025/06/08 05:48:50 🚨 安全告警: HIGH - 可疑命令執行: curl 訪問外部域名
2025/06/08 05:48:50 🚨 安全告警: CRITICAL - 敏感文件訪問: /etc/passwd
2025/06/08 05:48:53 🚨 安全告警: HIGH - 可疑命令執行: curl 訪問外部域名
2025/06/08 05:48:53 🚨 安全告警: CRITICAL - 敏感文件訪問: /etc/passwd
2025/06/08 05:48:55 🚨 安全告警: HIGH - 可疑命令執行: curl 訪問外部域名
2025/06/08 05:48:55 🚨 安全告警: CRITICAL - 敏感文件訪問: /etc/passwd
2025/06/08 05:48:57 🚨 安全告警: HIGH - 可疑命令執行: curl 訪問外部域名
2025/06/08 05:48:57 🚨 安全告警: CRITICAL - 敏感文件訪問: /etc/passwd
2025/06/08 05:49:00 🚨 安全告警: HIGH - 可疑命令執行: curl 訪問外部域名
2025/06/08 05:49:00 🚨 安全告警: CRITICAL - 敏感文件訪問: /etc/passwd
2025/06/08 05:49:03 🚨 安全告警: HIGH - 可疑命令執行: curl 訪問外部域名
2025/06/08 05:49:03 🚨 安全告警: CRITICAL - 敏感文件訪問: /etc/passwd
[GIN] 2025/06/08 - 05:49:05 | 200 |     1.22325ms |             ::1 | GET      "/api/v1/user/profile"
[GIN] 2025/06/08 - 05:49:05 | 200 |       360.5µs |             ::1 | GET      "/api/v1/user/profile"
[GIN] 2025/06/08 - 05:49:05 | 200 |     232.375µs |             ::1 | GET      "/api/v1/user/profile"
[GIN] 2025/06/08 - 05:49:05 | 200 |     137.167µs |             ::1 | GET      "/api/v1/user/profile"
2025/06/08 05:49:05 🚨 安全告警: HIGH - 可疑命令執行: curl 訪問外部域名
2025/06/08 05:49:05 🚨 安全告警: CRITICAL - 敏感文件訪問: /etc/passwd
2025/06/08 05:49:07 🚨 安全告警: HIGH - 可疑命令執行: curl 訪問外部域名
2025/06/08 05:49:07 🚨 安全告警: CRITICAL - 敏感文件訪問: /etc/passwd
2025/06/08 05:49:10 🚨 安全告警: HIGH - 可疑命令執行: curl 訪問外部域名
2025/06/08 05:49:10 🚨 安全告警: CRITICAL - 敏感文件訪問: /etc/passwd
2025/06/08 05:49:12 🚨 安全告警: HIGH - 可疑命令執行: curl 訪問外部域名
2025/06/08 05:49:12 🚨 安全告警: CRITICAL - 敏感文件訪問: /etc/passwd
2025/06/08 05:49:14 🚨 安全告警: HIGH - 可疑命令執行: curl 訪問外部域名
2025/06/08 05:49:14 🚨 安全告警: CRITICAL - 敏感文件訪問: /etc/passwd
2025/06/08 05:49:17 🚨 安全告警: HIGH - 可疑命令執行: curl 訪問外部域名
2025/06/08 05:49:17 🚨 安全告警: CRITICAL - 敏感文件訪問: /etc/passwd
2025/06/08 05:49:19 🚨 安全告警: HIGH - 可疑命令執行: curl 訪問外部域名
2025/06/08 05:49:19 🚨 安全告警: CRITICAL - 敏感文件訪問: /etc/passwd
2025/06/08 05:49:21 🚨 安全告警: HIGH - 可疑命令執行: curl 訪問外部域名
2025/06/08 05:49:21 🚨 安全告警: CRITICAL - 敏感文件訪問: /etc/passwd
2025/06/08 05:49:24 🚨 安全告警: HIGH - 可疑命令執行: curl 訪問外部域名
2025/06/08 05:49:24 🚨 安全告警: CRITICAL - 敏感文件訪問: /etc/passwd
2025/06/08 05:49:26 🚨 安全告警: HIGH - 可疑命令執行: curl 訪問外部域名
2025/06/08 05:49:26 🚨 安全告警: CRITICAL - 敏感文件訪問: /etc/passwd
2025/06/08 05:49:28 🚨 安全告警: HIGH - 可疑命令執行: curl 訪問外部域名
2025/06/08 05:49:28 🚨 安全告警: CRITICAL - 敏感文件訪問: /etc/passwd
2025/06/08 05:49:31 🚨 安全告警: HIGH - 可疑命令執行: curl 訪問外部域名
2025/06/08 05:49:31 🚨 安全告警: CRITICAL - 敏感文件訪問: /etc/passwd
2025/06/08 05:49:33 🚨 安全告警: HIGH - 可疑命令執行: curl 訪問外部域名
2025/06/08 05:49:33 🚨 安全告警: CRITICAL - 敏感文件訪問: /etc/passwd
2025/06/08 05:49:35 🚨 安全告警: HIGH - 可疑命令執行: curl 訪問外部域名
2025/06/08 05:49:35 🚨 安全告警: CRITICAL - 敏感文件訪問: /etc/passwd
[GIN] 2025/06/08 - 05:49:36 | 200 |    1.824583ms |             ::1 | GET      "/api/v1/monitoring/instances"
{"change":3.289999999999992,"changePercent":1.6398345212580334,"level":"info","msg":"獲取實時股價成功","price":203.92,"symbol":"AAPL","time":"2025-06-08T05:49:36+08:00"}
[GIN] 2025/06/08 - 05:49:36 | 200 |  113.666542ms |             ::1 | GET      "/health"
{"change":3.289999999999992,"changePercent":1.6398345212580334,"level":"info","msg":"獲取實時股價成功","price":203.92,"symbol":"AAPL","time":"2025-06-08T05:49:36+08:00"}
[GIN] 2025/06/08 - 05:49:36 | 200 |  116.927833ms |             ::1 | GET      "/health"
[GIN] 2025/06/08 - 05:49:36 | 200 |  132.658333ms |             ::1 | GET      "/api/v1/monitoring/overview"
[GIN] 2025/06/08 - 05:49:36 | 200 |      94.666µs |             ::1 | GET      "/api/v1/monitoring/service"
2025/06/08 05:49:38 🚨 安全告警: HIGH - 可疑命令執行: curl 訪問外部域名
2025/06/08 05:49:38 🚨 安全告警: CRITICAL - 敏感文件訪問: /etc/passwd
2025/06/08 05:49:40 🚨 安全告警: HIGH - 可疑命令執行: curl 訪問外部域名
2025/06/08 05:49:40 🚨 安全告警: CRITICAL - 敏感文件訪問: /etc/passwd
2025/06/08 05:49:42 🚨 安全告警: HIGH - 可疑命令執行: curl 訪問外部域名
2025/06/08 05:49:42 🚨 安全告警: CRITICAL - 敏感文件訪問: /etc/passwd
2025/06/08 05:49:45 🚨 安全告警: HIGH - 可疑命令執行: curl 訪問外部域名
2025/06/08 05:49:45 🚨 安全告警: CRITICAL - 敏感文件訪問: /etc/passwd
2025/06/08 05:49:47 🚨 安全告警: HIGH - 可疑命令執行: curl 訪問外部域名
2025/06/08 05:49:47 🚨 安全告警: CRITICAL - 敏感文件訪問: /etc/passwd
2025/06/08 05:49:49 🚨 安全告警: HIGH - 可疑命令執行: curl 訪問外部域名
2025/06/08 05:49:49 🚨 安全告警: CRITICAL - 敏感文件訪問: /etc/passwd
2025/06/08 05:49:52 🚨 安全告警: HIGH - 可疑命令執行: curl 訪問外部域名
2025/06/08 05:49:52 🚨 安全告警: CRITICAL - 敏感文件訪問: /etc/passwd
2025/06/08 05:49:54 🚨 安全告警: HIGH - 可疑命令執行: curl 訪問外部域名
2025/06/08 05:49:54 🚨 安全告警: CRITICAL - 敏感文件訪問: /etc/passwd
2025/06/08 05:49:56 🚨 安全告警: HIGH - 可疑命令執行: curl 訪問外部域名
2025/06/08 05:49:56 🚨 安全告警: CRITICAL - 敏感文件訪問: /etc/passwd
2025/06/08 05:49:59 🚨 安全告警: HIGH - 可疑命令執行: curl 訪問外部域名
2025/06/08 05:49:59 🚨 安全告警: CRITICAL - 敏感文件訪問: /etc/passwd
2025/06/08 05:50:01 🚨 安全告警: HIGH - 可疑命令執行: curl 訪問外部域名
2025/06/08 05:50:01 🚨 安全告警: CRITICAL - 敏感文件訪問: /etc/passwd
2025/06/08 05:50:03 🚨 安全告警: HIGH - 可疑命令執行: curl 訪問外部域名
2025/06/08 05:50:03 🚨 安全告警: CRITICAL - 敏感文件訪問: /etc/passwd
2025/06/08 05:50:05 🚨 安全告警: HIGH - 可疑命令執行: curl 訪問外部域名
2025/06/08 05:50:05 🚨 安全告警: CRITICAL - 敏感文件訪問: /etc/passwd
2025/06/08 05:50:08 🚨 安全告警: HIGH - 可疑命令執行: curl 訪問外部域名
2025/06/08 05:50:08 🚨 安全告警: CRITICAL - 敏感文件訪問: /etc/passwd
2025/06/08 05:50:10 🚨 安全告警: HIGH - 可疑命令執行: curl 訪問外部域名
2025/06/08 05:50:10 🚨 安全告警: CRITICAL - 敏感文件訪問: /etc/passwd
2025/06/08 05:50:12 🚨 安全告警: HIGH - 可疑命令執行: curl 訪問外部域名
2025/06/08 05:50:12 🚨 安全告警: CRITICAL - 敏感文件訪問: /etc/passwd
2025/06/08 05:50:15 🚨 安全告警: HIGH - 可疑命令執行: curl 訪問外部域名
2025/06/08 05:50:15 🚨 安全告警: CRITICAL - 敏感文件訪問: /etc/passwd
2025/06/08 05:50:17 🚨 安全告警: HIGH - 可疑命令執行: curl 訪問外部域名
2025/06/08 05:50:17 🚨 安全告警: CRITICAL - 敏感文件訪問: /etc/passwd
2025/06/08 05:50:19 🚨 安全告警: HIGH - 可疑命令執行: curl 訪問外部域名
2025/06/08 05:50:19 🚨 安全告警: CRITICAL - 敏感文件訪問: /etc/passwd
2025/06/08 05:50:22 🚨 安全告警: HIGH - 可疑命令執行: curl 訪問外部域名
2025/06/08 05:50:22 🚨 安全告警: CRITICAL - 敏感文件訪問: /etc/passwd
2025/06/08 05:50:24 🚨 安全告警: HIGH - 可疑命令執行: curl 訪問外部域名
2025/06/08 05:50:24 🚨 安全告警: CRITICAL - 敏感文件訪問: /etc/passwd
2025/06/08 05:50:26 🚨 安全告警: HIGH - 可疑命令執行: curl 訪問外部域名
2025/06/08 05:50:26 🚨 安全告警: CRITICAL - 敏感文件訪問: /etc/passwd
2025/06/08 05:50:29 🚨 安全告警: HIGH - 可疑命令執行: curl 訪問外部域名
2025/06/08 05:50:29 🚨 安全告警: CRITICAL - 敏感文件訪問: /etc/passwd
2025/06/08 05:50:31 🚨 安全告警: HIGH - 可疑命令執行: curl 訪問外部域名
2025/06/08 05:50:31 🚨 安全告警: CRITICAL - 敏感文件訪問: /etc/passwd
2025/06/08 05:50:33 🚨 安全告警: HIGH - 可疑命令執行: curl 訪問外部域名
2025/06/08 05:50:33 🚨 安全告警: CRITICAL - 敏感文件訪問: /etc/passwd
2025/06/08 05:50:35 🚨 安全告警: HIGH - 可疑命令執行: curl 訪問外部域名
2025/06/08 05:50:35 🚨 安全告警: CRITICAL - 敏感文件訪問: /etc/passwd
[GIN] 2025/06/08 - 05:50:36 | 200 |    1.620666ms |             ::1 | GET      "/api/v1/monitoring/instances"
{"change":3.289999999999992,"changePercent":1.6398345212580334,"level":"info","msg":"獲取實時股價成功","price":203.92,"symbol":"AAPL","time":"2025-06-08T05:50:36+08:00"}
[GIN] 2025/06/08 - 05:50:36 | 200 |    97.75325ms |             ::1 | GET      "/health"
{"change":3.289999999999992,"changePercent":1.6398345212580334,"level":"info","msg":"獲取實時股價成功","price":203.92,"symbol":"AAPL","time":"2025-06-08T05:50:36+08:00"}
[GIN] 2025/06/08 - 05:50:36 | 200 |  120.730791ms |             ::1 | GET      "/health"
[GIN] 2025/06/08 - 05:50:36 | 200 |  130.388708ms |             ::1 | GET      "/api/v1/monitoring/overview"
[GIN] 2025/06/08 - 05:50:36 | 200 |      86.458µs |             ::1 | GET      "/api/v1/monitoring/service"
2025/06/08 05:50:38 🚨 安全告警: HIGH - 可疑命令執行: curl 訪問外部域名
2025/06/08 05:50:38 🚨 安全告警: CRITICAL - 敏感文件訪問: /etc/passwd
2025/06/08 05:50:40 🚨 安全告警: HIGH - 可疑命令執行: curl 訪問外部域名
2025/06/08 05:50:40 🚨 安全告警: CRITICAL - 敏感文件訪問: /etc/passwd
2025/06/08 05:50:42 🚨 安全告警: HIGH - 可疑命令執行: curl 訪問外部域名
2025/06/08 05:50:42 🚨 安全告警: CRITICAL - 敏感文件訪問: /etc/passwd
2025/06/08 05:50:45 🚨 安全告警: HIGH - 可疑命令執行: curl 訪問外部域名
2025/06/08 05:50:45 🚨 安全告警: CRITICAL - 敏感文件訪問: /etc/passwd
2025/06/08 05:50:47 🚨 安全告警: HIGH - 可疑命令執行: curl 訪問外部域名
2025/06/08 05:50:47 🚨 安全告警: CRITICAL - 敏感文件訪問: /etc/passwd
2025/06/08 05:50:49 🚨 安全告警: HIGH - 可疑命令執行: curl 訪問外部域名
2025/06/08 05:50:49 🚨 安全告警: CRITICAL - 敏感文件訪問: /etc/passwd
2025/06/08 05:50:52 🚨 安全告警: HIGH - 可疑命令執行: curl 訪問外部域名
2025/06/08 05:50:52 🚨 安全告警: CRITICAL - 敏感文件訪問: /etc/passwd
2025/06/08 05:50:54 🚨 安全告警: HIGH - 可疑命令執行: curl 訪問外部域名
2025/06/08 05:50:54 🚨 安全告警: CRITICAL - 敏感文件訪問: /etc/passwd
2025/06/08 05:50:56 🚨 安全告警: HIGH - 可疑命令執行: curl 訪問外部域名
2025/06/08 05:50:56 🚨 安全告警: CRITICAL - 敏感文件訪問: /etc/passwd
2025/06/08 05:50:59 🚨 安全告警: HIGH - 可疑命令執行: curl 訪問外部域名
2025/06/08 05:50:59 🚨 安全告警: CRITICAL - 敏感文件訪問: /etc/passwd
2025/06/08 05:51:01 🚨 安全告警: HIGH - 可疑命令執行: curl 訪問外部域名
2025/06/08 05:51:01 🚨 安全告警: CRITICAL - 敏感文件訪問: /etc/passwd
2025/06/08 05:51:04 🚨 安全告警: HIGH - 可疑命令執行: curl 訪問外部域名
2025/06/08 05:51:04 🚨 安全告警: CRITICAL - 敏感文件訪問: /etc/passwd
2025/06/08 05:51:06 🚨 安全告警: HIGH - 可疑命令執行: curl 訪問外部域名
2025/06/08 05:51:06 🚨 安全告警: CRITICAL - 敏感文件訪問: /etc/passwd
2025/06/08 05:51:08 🚨 安全告警: HIGH - 可疑命令執行: curl 訪問外部域名
2025/06/08 05:51:08 🚨 安全告警: CRITICAL - 敏感文件訪問: /etc/passwd
2025/06/08 05:51:11 🚨 安全告警: HIGH - 可疑命令執行: curl 訪問外部域名
2025/06/08 05:51:11 🚨 安全告警: CRITICAL - 敏感文件訪問: /etc/passwd
2025/06/08 05:51:13 🚨 安全告警: HIGH - 可疑命令執行: curl 訪問外部域名
2025/06/08 05:51:13 🚨 安全告警: CRITICAL - 敏感文件訪問: /etc/passwd
2025/06/08 05:51:15 🚨 安全告警: HIGH - 可疑命令執行: curl 訪問外部域名
2025/06/08 05:51:15 🚨 安全告警: CRITICAL - 敏感文件訪問: /etc/passwd
