{"level":"warning","msg":"Config file not found, using defaults","time":"2025-06-04T06:55:04+08:00"}
{"address":"0.0.0.0:8081","level":"info","msg":"Starting Risk Engine service","time":"2025-06-04T06:55:04+08:00"}
[GIN] 2025/06/04 - 06:55:08 | 200 |      99.625µs |             ::1 | GET      "/health"
{"level":"info","msg":"執行定期CPU密集任務","time":"2025-06-04T06:55:34+08:00"}
{"level":"info","msg":"執行定期CPU密集任務","time":"2025-06-04T06:56:04+08:00"}
{"level":"info","msg":"執行定期CPU密集任務","time":"2025-06-04T06:56:34+08:00"}
{"level":"info","msg":"執行定期CPU密集任務","time":"2025-06-04T06:57:04+08:00"}
[GIN] 2025/06/04 - 06:57:27 | 200 |    1.642209ms |             ::1 | GET      "/health"
{"level":"info","msg":"執行定期CPU密集任務","time":"2025-06-04T06:57:34+08:00"}
{"level":"info","msg":"執行定期CPU密集任務","time":"2025-06-04T06:58:04+08:00"}
[GIN] 2025/06/04 - 06:58:09 | 200 |          87µs |             ::1 | GET      "/health"
[GIN] 2025/06/04 - 06:58:09 | 404 |       1.333µs |             ::1 | POST     "/api/v1/risk/assess"
{"level":"info","msg":"執行定期CPU密集任務","time":"2025-06-04T06:58:34+08:00"}
{"level":"info","msg":"執行定期CPU密集任務","time":"2025-06-04T06:59:04+08:00"}
{"level":"info","msg":"執行定期CPU密集任務","time":"2025-06-04T06:59:34+08:00"}
{"level":"info","msg":"執行定期CPU密集任務","time":"2025-06-04T07:00:04+08:00"}
{"level":"info","msg":"執行定期CPU密集任務","time":"2025-06-04T07:00:34+08:00"}
{"level":"info","msg":"執行定期CPU密集任務","time":"2025-06-04T07:01:04+08:00"}
{"level":"info","msg":"執行定期CPU密集任務","time":"2025-06-04T07:01:34+08:00"}
{"level":"info","msg":"執行定期CPU密集任務","time":"2025-06-04T07:02:04+08:00"}
{"level":"info","msg":"執行定期CPU密集任務","time":"2025-06-04T07:02:34+08:00"}
{"level":"info","msg":"執行定期CPU密集任務","time":"2025-06-04T07:03:04+08:00"}
{"level":"info","msg":"執行定期CPU密集任務","time":"2025-06-04T07:03:34+08:00"}
{"level":"info","msg":"執行定期CPU密集任務","time":"2025-06-04T07:04:04+08:00"}
{"level":"info","msg":"執行定期CPU密集任務","time":"2025-06-04T07:04:34+08:00"}
{"level":"info","msg":"執行定期CPU密集任務","time":"2025-06-04T07:05:04+08:00"}
{"level":"info","msg":"執行定期CPU密集任務","time":"2025-06-04T07:05:34+08:00"}
{"level":"info","msg":"執行定期CPU密集任務","time":"2025-06-04T07:06:04+08:00"}
{"level":"info","msg":"執行定期CPU密集任務","time":"2025-06-04T07:06:34+08:00"}
{"level":"info","msg":"執行定期CPU密集任務","time":"2025-06-04T07:07:04+08:00"}
{"level":"info","msg":"執行定期CPU密集任務","time":"2025-06-04T07:07:34+08:00"}
{"level":"info","msg":"執行定期CPU密集任務","time":"2025-06-04T07:08:04+08:00"}
{"level":"info","msg":"執行定期CPU密集任務","time":"2025-06-04T07:08:34+08:00"}
{"level":"info","msg":"執行定期CPU密集任務","time":"2025-06-04T07:09:04+08:00"}
{"level":"info","msg":"執行定期CPU密集任務","time":"2025-06-04T07:09:34+08:00"}
{"level":"info","msg":"執行定期CPU密集任務","time":"2025-06-04T07:10:04+08:00"}
{"level":"info","msg":"執行定期CPU密集任務","time":"2025-06-04T07:10:34+08:00"}
{"level":"info","msg":"執行定期CPU密集任務","time":"2025-06-04T07:11:04+08:00"}
{"level":"info","msg":"執行定期CPU密集任務","time":"2025-06-04T07:11:34+08:00"}
{"level":"info","msg":"執行定期CPU密集任務","time":"2025-06-04T07:12:04+08:00"}
{"level":"info","msg":"執行定期CPU密集任務","time":"2025-06-04T07:12:34+08:00"}
{"level":"info","msg":"執行定期CPU密集任務","time":"2025-06-04T07:13:04+08:00"}
{"level":"info","msg":"執行定期CPU密集任務","time":"2025-06-04T07:13:34+08:00"}
{"level":"info","msg":"執行定期CPU密集任務","time":"2025-06-04T07:14:04+08:00"}
{"level":"info","msg":"執行定期CPU密集任務","time":"2025-06-04T07:14:34+08:00"}
{"level":"info","msg":"執行定期CPU密集任務","time":"2025-06-04T07:15:04+08:00"}
{"level":"info","msg":"執行定期CPU密集任務","time":"2025-06-04T07:15:34+08:00"}
{"level":"info","msg":"執行定期CPU密集任務","time":"2025-06-04T07:16:04+08:00"}
{"level":"info","msg":"執行定期CPU密集任務","time":"2025-06-04T07:16:34+08:00"}
{"level":"info","msg":"執行定期CPU密集任務","time":"2025-06-04T07:17:04+08:00"}
{"level":"info","msg":"執行定期CPU密集任務","time":"2025-06-04T07:17:34+08:00"}
{"level":"info","msg":"執行定期CPU密集任務","time":"2025-06-04T07:18:04+08:00"}
{"level":"info","msg":"執行定期CPU密集任務","time":"2025-06-04T07:18:34+08:00"}
{"level":"info","msg":"執行定期CPU密集任務","time":"2025-06-04T07:19:04+08:00"}
{"level":"info","msg":"執行定期CPU密集任務","time":"2025-06-04T07:19:34+08:00"}
{"level":"info","msg":"執行定期CPU密集任務","time":"2025-06-04T07:20:04+08:00"}
{"level":"info","msg":"執行定期CPU密集任務","time":"2025-06-04T07:20:34+08:00"}
{"level":"info","msg":"執行定期CPU密集任務","time":"2025-06-04T07:21:04+08:00"}
{"level":"info","msg":"執行定期CPU密集任務","time":"2025-06-04T07:21:34+08:00"}
{"level":"info","msg":"執行定期CPU密集任務","time":"2025-06-04T07:22:04+08:00"}
{"level":"info","msg":"執行定期CPU密集任務","time":"2025-06-04T07:22:34+08:00"}
{"level":"info","msg":"執行定期CPU密集任務","time":"2025-06-04T07:23:04+08:00"}
{"level":"info","msg":"執行定期CPU密集任務","time":"2025-06-04T07:23:34+08:00"}
{"level":"info","msg":"執行定期CPU密集任務","time":"2025-06-04T07:24:04+08:00"}
{"level":"info","msg":"執行定期CPU密集任務","time":"2025-06-04T07:24:34+08:00"}
{"level":"info","msg":"執行定期CPU密集任務","time":"2025-06-04T07:25:04+08:00"}
{"level":"info","msg":"執行定期CPU密集任務","time":"2025-06-04T07:25:34+08:00"}
{"level":"info","msg":"執行定期CPU密集任務","time":"2025-06-04T07:26:04+08:00"}
{"level":"info","msg":"執行定期CPU密集任務","time":"2025-06-04T07:26:34+08:00"}
{"level":"info","msg":"執行定期CPU密集任務","time":"2025-06-04T07:27:04+08:00"}
{"level":"info","msg":"執行定期CPU密集任務","time":"2025-06-04T07:27:34+08:00"}
{"level":"info","msg":"執行定期CPU密集任務","time":"2025-06-04T07:28:04+08:00"}
{"level":"info","msg":"執行定期CPU密集任務","time":"2025-06-04T07:28:34+08:00"}
{"level":"info","msg":"執行定期CPU密集任務","time":"2025-06-04T07:29:04+08:00"}
{"level":"info","msg":"執行定期CPU密集任務","time":"2025-06-04T07:29:34+08:00"}
{"level":"info","msg":"執行定期CPU密集任務","time":"2025-06-04T07:30:04+08:00"}
{"level":"info","msg":"執行定期CPU密集任務","time":"2025-06-04T07:30:34+08:00"}
{"level":"info","msg":"執行定期CPU密集任務","time":"2025-06-04T07:31:04+08:00"}
{"level":"info","msg":"執行定期CPU密集任務","time":"2025-06-04T07:31:34+08:00"}
{"level":"info","msg":"執行定期CPU密集任務","time":"2025-06-04T07:32:04+08:00"}
{"level":"info","msg":"執行定期CPU密集任務","time":"2025-06-04T07:32:34+08:00"}
{"level":"info","msg":"執行定期CPU密集任務","time":"2025-06-04T07:33:04+08:00"}
{"level":"info","msg":"執行定期CPU密集任務","time":"2025-06-04T07:33:34+08:00"}
{"level":"info","msg":"執行定期CPU密集任務","time":"2025-06-04T07:34:04+08:00"}
{"level":"info","msg":"執行定期CPU密集任務","time":"2025-06-04T07:34:34+08:00"}
{"level":"info","msg":"執行定期CPU密集任務","time":"2025-06-04T07:35:04+08:00"}
{"level":"info","msg":"執行定期CPU密集任務","time":"2025-06-04T07:35:34+08:00"}
{"level":"info","msg":"執行定期CPU密集任務","time":"2025-06-04T07:36:04+08:00"}
{"level":"info","msg":"執行定期CPU密集任務","time":"2025-06-04T07:36:34+08:00"}
{"level":"info","msg":"執行定期CPU密集任務","time":"2025-06-04T07:37:04+08:00"}
{"level":"info","msg":"執行定期CPU密集任務","time":"2025-06-04T07:37:34+08:00"}
{"level":"info","msg":"執行定期CPU密集任務","time":"2025-06-04T07:38:04+08:00"}
{"level":"info","msg":"執行定期CPU密集任務","time":"2025-06-04T07:38:34+08:00"}
{"level":"info","msg":"執行定期CPU密集任務","time":"2025-06-04T07:39:04+08:00"}
{"level":"info","msg":"執行定期CPU密集任務","time":"2025-06-04T07:39:34+08:00"}
{"level":"info","msg":"執行定期CPU密集任務","time":"2025-06-04T07:40:04+08:00"}
{"level":"info","msg":"執行定期CPU密集任務","time":"2025-06-04T07:40:34+08:00"}
{"level":"info","msg":"執行定期CPU密集任務","time":"2025-06-04T07:41:04+08:00"}
{"level":"info","msg":"執行定期CPU密集任務","time":"2025-06-04T07:41:34+08:00"}
{"level":"info","msg":"執行定期CPU密集任務","time":"2025-06-04T07:42:04+08:00"}
{"level":"info","msg":"執行定期CPU密集任務","time":"2025-06-04T07:42:34+08:00"}
{"level":"info","msg":"執行定期CPU密集任務","time":"2025-06-04T07:43:04+08:00"}
{"level":"info","msg":"執行定期CPU密集任務","time":"2025-06-04T07:43:34+08:00"}
{"level":"info","msg":"執行定期CPU密集任務","time":"2025-06-04T07:44:04+08:00"}
{"level":"info","msg":"執行定期CPU密集任務","time":"2025-06-04T07:44:34+08:00"}
{"level":"info","msg":"執行定期CPU密集任務","time":"2025-06-04T07:45:04+08:00"}
{"level":"info","msg":"執行定期CPU密集任務","time":"2025-06-04T07:45:34+08:00"}
{"level":"info","msg":"執行定期CPU密集任務","time":"2025-06-04T07:46:04+08:00"}
{"level":"info","msg":"執行定期CPU密集任務","time":"2025-06-04T07:46:34+08:00"}
{"level":"info","msg":"執行定期CPU密集任務","time":"2025-06-04T07:47:04+08:00"}
{"level":"info","msg":"執行定期CPU密集任務","time":"2025-06-04T07:47:34+08:00"}
{"level":"info","msg":"執行定期CPU密集任務","time":"2025-06-04T07:48:04+08:00"}
{"level":"info","msg":"執行定期CPU密集任務","time":"2025-06-04T07:48:34+08:00"}
{"level":"info","msg":"執行定期CPU密集任務","time":"2025-06-04T07:49:04+08:00"}
{"level":"info","msg":"執行定期CPU密集任務","time":"2025-06-04T07:49:34+08:00"}
{"level":"info","msg":"執行定期CPU密集任務","time":"2025-06-04T07:50:04+08:00"}
{"level":"info","msg":"執行定期CPU密集任務","time":"2025-06-04T07:50:34+08:00"}
{"level":"info","msg":"執行定期CPU密集任務","time":"2025-06-04T07:51:04+08:00"}
{"level":"info","msg":"執行定期CPU密集任務","time":"2025-06-04T07:51:34+08:00"}
{"level":"info","msg":"執行定期CPU密集任務","time":"2025-06-04T07:52:04+08:00"}
{"level":"info","msg":"執行定期CPU密集任務","time":"2025-06-04T07:52:34+08:00"}
{"level":"info","msg":"執行定期CPU密集任務","time":"2025-06-04T07:53:04+08:00"}
{"level":"info","msg":"執行定期CPU密集任務","time":"2025-06-04T07:53:34+08:00"}
{"level":"info","msg":"執行定期CPU密集任務","time":"2025-06-04T07:54:04+08:00"}
{"level":"info","msg":"執行定期CPU密集任務","time":"2025-06-04T07:54:34+08:00"}
{"level":"info","msg":"執行定期CPU密集任務","time":"2025-06-04T07:55:04+08:00"}
{"level":"info","msg":"執行定期CPU密集任務","time":"2025-06-04T07:55:34+08:00"}
{"level":"info","msg":"執行定期CPU密集任務","time":"2025-06-04T07:56:04+08:00"}
{"level":"info","msg":"執行定期CPU密集任務","time":"2025-06-04T07:56:34+08:00"}
{"level":"info","msg":"執行定期CPU密集任務","time":"2025-06-04T07:57:04+08:00"}
{"level":"info","msg":"執行定期CPU密集任務","time":"2025-06-04T07:57:34+08:00"}
{"level":"info","msg":"執行定期CPU密集任務","time":"2025-06-04T07:58:04+08:00"}
{"level":"info","msg":"執行定期CPU密集任務","time":"2025-06-04T07:58:34+08:00"}
{"level":"info","msg":"執行定期CPU密集任務","time":"2025-06-04T07:59:04+08:00"}
{"level":"info","msg":"執行定期CPU密集任務","time":"2025-06-04T07:59:34+08:00"}
{"level":"info","msg":"執行定期CPU密集任務","time":"2025-06-04T08:00:04+08:00"}
[GIN] 2025/06/04 - 08:00:29 | 200 |    3.161542ms |             ::1 | GET      "/health"
{"level":"info","msg":"執行定期CPU密集任務","time":"2025-06-04T08:00:34+08:00"}
{"level":"info","msg":"執行定期CPU密集任務","time":"2025-06-04T08:01:04+08:00"}
{"level":"info","msg":"執行定期CPU密集任務","time":"2025-06-04T08:01:34+08:00"}
{"level":"info","msg":"執行定期CPU密集任務","time":"2025-06-04T08:02:04+08:00"}
{"level":"info","msg":"執行定期CPU密集任務","time":"2025-06-04T08:02:34+08:00"}
{"level":"info","msg":"執行定期CPU密集任務","time":"2025-06-04T08:03:04+08:00"}
{"level":"info","msg":"執行定期CPU密集任務","time":"2025-06-04T08:03:34+08:00"}
{"level":"info","msg":"執行定期CPU密集任務","time":"2025-06-04T08:04:04+08:00"}
{"level":"info","msg":"執行定期CPU密集任務","time":"2025-06-04T08:04:34+08:00"}
{"level":"info","msg":"執行定期CPU密集任務","time":"2025-06-04T08:05:04+08:00"}
{"level":"info","msg":"執行定期CPU密集任務","time":"2025-06-04T08:05:34+08:00"}
{"level":"info","msg":"執行定期CPU密集任務","time":"2025-06-04T08:06:04+08:00"}
{"level":"info","msg":"執行定期CPU密集任務","time":"2025-06-04T08:06:34+08:00"}
{"level":"info","msg":"執行定期CPU密集任務","time":"2025-06-04T08:07:04+08:00"}
{"level":"info","msg":"執行定期CPU密集任務","time":"2025-06-04T08:07:34+08:00"}
{"level":"info","msg":"執行定期CPU密集任務","time":"2025-06-04T08:08:04+08:00"}
{"level":"info","msg":"執行定期CPU密集任務","time":"2025-06-04T08:08:34+08:00"}
{"level":"info","msg":"執行定期CPU密集任務","time":"2025-06-04T08:09:04+08:00"}
{"level":"info","msg":"執行定期CPU密集任務","time":"2025-06-04T08:09:34+08:00"}
{"level":"info","msg":"執行定期CPU密集任務","time":"2025-06-04T08:10:04+08:00"}
{"level":"info","msg":"執行定期CPU密集任務","time":"2025-06-04T08:10:34+08:00"}
{"level":"info","msg":"執行定期CPU密集任務","time":"2025-06-04T08:11:04+08:00"}
{"level":"info","msg":"執行定期CPU密集任務","time":"2025-06-04T08:11:34+08:00"}
{"level":"info","msg":"執行定期CPU密集任務","time":"2025-06-04T08:12:04+08:00"}
{"level":"info","msg":"執行定期CPU密集任務","time":"2025-06-04T08:12:34+08:00"}
{"level":"info","msg":"執行定期CPU密集任務","time":"2025-06-04T08:13:04+08:00"}
{"level":"info","msg":"執行定期CPU密集任務","time":"2025-06-04T08:13:34+08:00"}
{"level":"info","msg":"執行定期CPU密集任務","time":"2025-06-04T08:14:04+08:00"}
{"level":"info","msg":"執行定期CPU密集任務","time":"2025-06-04T08:14:34+08:00"}
[GIN] 2025/06/04 - 08:14:37 | 200 |    2.004959ms |             ::1 | GET      "/health"
{"level":"info","msg":"執行定期CPU密集任務","time":"2025-06-04T08:15:04+08:00"}
{"level":"info","msg":"執行定期CPU密集任務","time":"2025-06-04T08:15:34+08:00"}
{"level":"info","msg":"執行定期CPU密集任務","time":"2025-06-04T08:16:04+08:00"}
{"level":"info","msg":"執行定期CPU密集任務","time":"2025-06-04T08:16:34+08:00"}
{"level":"info","msg":"執行定期CPU密集任務","time":"2025-06-04T08:17:04+08:00"}
{"level":"info","msg":"執行定期CPU密集任務","time":"2025-06-04T08:17:34+08:00"}
{"level":"info","msg":"執行定期CPU密集任務","time":"2025-06-04T08:18:02+08:00"}
{"level":"info","msg":"執行定期CPU密集任務","time":"2025-06-04T08:18:32+08:00"}
{"level":"info","msg":"執行定期CPU密集任務","time":"2025-06-04T08:19:02+08:00"}
{"level":"info","msg":"執行定期CPU密集任務","time":"2025-06-04T08:19:32+08:00"}
{"level":"info","msg":"執行定期CPU密集任務","time":"2025-06-04T08:20:02+08:00"}
{"level":"info","msg":"執行定期CPU密集任務","time":"2025-06-04T08:20:32+08:00"}
{"level":"info","msg":"執行定期CPU密集任務","time":"2025-06-04T08:21:02+08:00"}
{"level":"info","msg":"執行定期CPU密集任務","time":"2025-06-04T08:21:32+08:00"}
{"level":"info","msg":"執行定期CPU密集任務","time":"2025-06-04T08:22:02+08:00"}
{"level":"info","msg":"執行定期CPU密集任務","time":"2025-06-04T08:22:32+08:00"}
{"level":"info","msg":"執行定期CPU密集任務","time":"2025-06-04T08:23:02+08:00"}
{"level":"info","msg":"執行定期CPU密集任務","time":"2025-06-04T08:23:32+08:00"}
{"level":"info","msg":"執行定期CPU密集任務","time":"2025-06-04T08:24:02+08:00"}
{"level":"info","msg":"執行定期CPU密集任務","time":"2025-06-04T08:24:32+08:00"}
{"level":"info","msg":"執行定期CPU密集任務","time":"2025-06-04T08:25:02+08:00"}
{"level":"info","msg":"執行定期CPU密集任務","time":"2025-06-04T08:25:32+08:00"}
{"level":"info","msg":"執行定期CPU密集任務","time":"2025-06-04T08:26:02+08:00"}
{"level":"info","msg":"執行定期CPU密集任務","time":"2025-06-04T08:26:32+08:00"}
{"level":"info","msg":"執行定期CPU密集任務","time":"2025-06-04T08:27:02+08:00"}
{"level":"info","msg":"執行定期CPU密集任務","time":"2025-06-04T08:27:32+08:00"}
{"level":"info","msg":"執行定期CPU密集任務","time":"2025-06-04T08:28:02+08:00"}
{"level":"info","msg":"執行定期CPU密集任務","time":"2025-06-04T08:28:32+08:00"}
{"level":"info","msg":"執行定期CPU密集任務","time":"2025-06-04T08:29:02+08:00"}
{"level":"info","msg":"執行定期CPU密集任務","time":"2025-06-04T08:29:32+08:00"}
{"level":"info","msg":"執行定期CPU密集任務","time":"2025-06-04T08:30:02+08:00"}
{"level":"info","msg":"執行定期CPU密集任務","time":"2025-06-04T08:30:32+08:00"}
{"level":"info","msg":"執行定期CPU密集任務","time":"2025-06-04T08:31:02+08:00"}
{"level":"info","msg":"執行定期CPU密集任務","time":"2025-06-04T08:31:32+08:00"}
{"level":"info","msg":"執行定期CPU密集任務","time":"2025-06-04T08:32:02+08:00"}
{"level":"info","msg":"執行定期CPU密集任務","time":"2025-06-04T08:32:32+08:00"}
{"level":"info","msg":"執行定期CPU密集任務","time":"2025-06-04T08:33:02+08:00"}
[GIN] 2025/06/04 - 08:33:12 | 200 |    2.235834ms |             ::1 | GET      "/health"
{"level":"info","msg":"執行定期CPU密集任務","time":"2025-06-04T08:33:32+08:00"}
{"level":"info","msg":"執行定期CPU密集任務","time":"2025-06-04T08:34:02+08:00"}
{"level":"info","msg":"執行定期CPU密集任務","time":"2025-06-04T08:34:32+08:00"}
{"level":"info","msg":"執行定期CPU密集任務","time":"2025-06-04T08:35:02+08:00"}
{"level":"info","msg":"執行定期CPU密集任務","time":"2025-06-04T08:35:32+08:00"}
{"level":"info","msg":"執行定期CPU密集任務","time":"2025-06-04T08:36:02+08:00"}
{"level":"info","msg":"執行定期CPU密集任務","time":"2025-06-04T08:36:32+08:00"}
{"level":"info","msg":"執行定期CPU密集任務","time":"2025-06-04T08:37:02+08:00"}
{"level":"info","msg":"執行定期CPU密集任務","time":"2025-06-04T08:37:32+08:00"}
{"level":"info","msg":"執行定期CPU密集任務","time":"2025-06-04T08:38:02+08:00"}
{"level":"info","msg":"執行定期CPU密集任務","time":"2025-06-04T08:38:32+08:00"}
{"level":"info","msg":"執行定期CPU密集任務","time":"2025-06-04T08:39:02+08:00"}
{"level":"info","msg":"執行定期CPU密集任務","time":"2025-06-04T08:39:32+08:00"}
{"level":"info","msg":"執行定期CPU密集任務","time":"2025-06-04T08:40:02+08:00"}
{"level":"info","msg":"執行定期CPU密集任務","time":"2025-06-04T08:40:32+08:00"}
{"level":"info","msg":"執行定期CPU密集任務","time":"2025-06-04T08:41:02+08:00"}
{"level":"info","msg":"執行定期CPU密集任務","time":"2025-06-04T08:41:32+08:00"}
{"level":"info","msg":"執行定期CPU密集任務","time":"2025-06-04T09:35:15+08:00"}
{"level":"info","msg":"執行定期CPU密集任務","time":"2025-06-04T09:39:28+08:00"}
{"level":"info","msg":"執行定期CPU密集任務","time":"2025-06-04T09:39:58+08:00"}
{"level":"info","msg":"執行定期CPU密集任務","time":"2025-06-04T09:40:28+08:00"}
{"level":"info","msg":"執行定期CPU密集任務","time":"2025-06-04T09:40:58+08:00"}
{"level":"info","msg":"執行定期CPU密集任務","time":"2025-06-04T09:41:28+08:00"}
{"level":"info","msg":"執行定期CPU密集任務","time":"2025-06-04T09:41:58+08:00"}
{"level":"info","msg":"執行定期CPU密集任務","time":"2025-06-04T09:42:28+08:00"}
{"level":"info","msg":"執行定期CPU密集任務","time":"2025-06-04T09:42:58+08:00"}
{"level":"info","msg":"執行定期CPU密集任務","time":"2025-06-04T09:43:28+08:00"}
{"level":"info","msg":"執行定期CPU密集任務","time":"2025-06-04T09:43:58+08:00"}
{"level":"info","msg":"執行定期CPU密集任務","time":"2025-06-04T09:44:28+08:00"}
{"level":"info","msg":"執行定期CPU密集任務","time":"2025-06-04T09:44:58+08:00"}
{"level":"info","msg":"執行定期CPU密集任務","time":"2025-06-04T09:45:28+08:00"}
{"level":"info","msg":"執行定期CPU密集任務","time":"2025-06-04T09:45:58+08:00"}
{"level":"info","msg":"執行定期CPU密集任務","time":"2025-06-04T09:46:28+08:00"}
{"level":"info","msg":"執行定期CPU密集任務","time":"2025-06-04T09:46:58+08:00"}
{"level":"info","msg":"執行定期CPU密集任務","time":"2025-06-04T09:47:28+08:00"}
{"level":"info","msg":"執行定期CPU密集任務","time":"2025-06-04T09:47:58+08:00"}
{"level":"info","msg":"執行定期CPU密集任務","time":"2025-06-04T09:48:28+08:00"}
{"level":"info","msg":"執行定期CPU密集任務","time":"2025-06-04T09:48:58+08:00"}
{"level":"info","msg":"執行定期CPU密集任務","time":"2025-06-04T09:49:28+08:00"}
{"level":"info","msg":"執行定期CPU密集任務","time":"2025-06-04T09:49:58+08:00"}
{"level":"info","msg":"執行定期CPU密集任務","time":"2025-06-04T09:50:28+08:00"}
{"level":"info","msg":"執行定期CPU密集任務","time":"2025-06-04T09:50:58+08:00"}
{"level":"info","msg":"執行定期CPU密集任務","time":"2025-06-04T09:51:28+08:00"}
{"level":"info","msg":"執行定期CPU密集任務","time":"2025-06-04T10:11:32+08:00"}
{"level":"info","msg":"執行定期CPU密集任務","time":"2025-06-04T10:12:02+08:00"}
{"level":"info","msg":"執行定期CPU密集任務","time":"2025-06-04T10:12:32+08:00"}
{"level":"info","msg":"執行定期CPU密集任務","time":"2025-06-04T10:13:02+08:00"}
{"level":"info","msg":"執行定期CPU密集任務","time":"2025-06-04T10:13:32+08:00"}
{"level":"info","msg":"執行定期CPU密集任務","time":"2025-06-04T10:14:02+08:00"}
{"level":"info","msg":"執行定期CPU密集任務","time":"2025-06-04T10:14:32+08:00"}
{"level":"info","msg":"執行定期CPU密集任務","time":"2025-06-04T10:15:02+08:00"}
{"level":"info","msg":"執行定期CPU密集任務","time":"2025-06-04T10:15:32+08:00"}
{"level":"info","msg":"執行定期CPU密集任務","time":"2025-06-04T10:16:02+08:00"}
{"level":"info","msg":"執行定期CPU密集任務","time":"2025-06-04T10:16:32+08:00"}
{"level":"info","msg":"執行定期CPU密集任務","time":"2025-06-04T10:17:02+08:00"}
{"level":"info","msg":"執行定期CPU密集任務","time":"2025-06-04T10:17:32+08:00"}
{"level":"info","msg":"執行定期CPU密集任務","time":"2025-06-04T10:18:02+08:00"}
{"level":"info","msg":"執行定期CPU密集任務","time":"2025-06-04T10:18:32+08:00"}
{"level":"info","msg":"執行定期CPU密集任務","time":"2025-06-04T10:19:02+08:00"}
{"level":"info","msg":"執行定期CPU密集任務","time":"2025-06-04T10:19:32+08:00"}
{"level":"info","msg":"執行定期CPU密集任務","time":"2025-06-04T10:20:02+08:00"}
{"level":"info","msg":"執行定期CPU密集任務","time":"2025-06-04T10:20:32+08:00"}
{"level":"info","msg":"執行定期CPU密集任務","time":"2025-06-04T10:21:02+08:00"}
{"level":"info","msg":"執行定期CPU密集任務","time":"2025-06-04T10:21:32+08:00"}
{"level":"info","msg":"執行定期CPU密集任務","time":"2025-06-04T10:22:02+08:00"}
{"level":"info","msg":"執行定期CPU密集任務","time":"2025-06-04T10:22:32+08:00"}
{"level":"info","msg":"執行定期CPU密集任務","time":"2025-06-04T10:23:02+08:00"}
{"level":"info","msg":"執行定期CPU密集任務","time":"2025-06-04T10:23:32+08:00"}
{"level":"info","msg":"執行定期CPU密集任務","time":"2025-06-04T10:24:02+08:00"}
{"level":"info","msg":"執行定期CPU密集任務","time":"2025-06-04T10:24:32+08:00"}
{"level":"info","msg":"執行定期CPU密集任務","time":"2025-06-04T10:25:02+08:00"}
{"level":"info","msg":"執行定期CPU密集任務","time":"2025-06-04T10:25:32+08:00"}
{"level":"info","msg":"執行定期CPU密集任務","time":"2025-06-04T10:26:02+08:00"}
{"level":"info","msg":"執行定期CPU密集任務","time":"2025-06-04T10:26:32+08:00"}
{"level":"info","msg":"執行定期CPU密集任務","time":"2025-06-04T10:27:04+08:00"}
{"level":"info","msg":"執行定期CPU密集任務","time":"2025-06-04T10:27:34+08:00"}
{"level":"info","msg":"執行定期CPU密集任務","time":"2025-06-04T10:28:04+08:00"}
{"level":"info","msg":"執行定期CPU密集任務","time":"2025-06-04T10:28:34+08:00"}
{"level":"info","msg":"執行定期CPU密集任務","time":"2025-06-04T10:29:04+08:00"}
{"level":"info","msg":"執行定期CPU密集任務","time":"2025-06-04T10:29:34+08:00"}
{"level":"info","msg":"執行定期CPU密集任務","time":"2025-06-04T10:30:04+08:00"}
{"level":"info","msg":"執行定期CPU密集任務","time":"2025-06-04T10:30:34+08:00"}
{"level":"info","msg":"執行定期CPU密集任務","time":"2025-06-04T10:31:04+08:00"}
{"level":"info","msg":"執行定期CPU密集任務","time":"2025-06-04T10:31:34+08:00"}
{"level":"info","msg":"執行定期CPU密集任務","time":"2025-06-04T10:32:04+08:00"}
{"level":"info","msg":"執行定期CPU密集任務","time":"2025-06-04T10:32:34+08:00"}
{"level":"info","msg":"執行定期CPU密集任務","time":"2025-06-04T10:33:04+08:00"}
{"level":"info","msg":"執行定期CPU密集任務","time":"2025-06-04T10:33:34+08:00"}
{"level":"info","msg":"執行定期CPU密集任務","time":"2025-06-04T10:34:04+08:00"}
{"level":"info","msg":"執行定期CPU密集任務","time":"2025-06-04T10:34:34+08:00"}
{"level":"info","msg":"執行定期CPU密集任務","time":"2025-06-04T10:35:04+08:00"}
{"level":"info","msg":"執行定期CPU密集任務","time":"2025-06-04T10:35:34+08:00"}
{"level":"info","msg":"執行定期CPU密集任務","time":"2025-06-04T10:36:04+08:00"}
{"level":"info","msg":"執行定期CPU密集任務","time":"2025-06-04T10:36:34+08:00"}
{"level":"info","msg":"執行定期CPU密集任務","time":"2025-06-04T10:37:04+08:00"}
{"level":"info","msg":"執行定期CPU密集任務","time":"2025-06-04T10:37:34+08:00"}
{"level":"info","msg":"執行定期CPU密集任務","time":"2025-06-04T10:38:04+08:00"}
{"level":"info","msg":"執行定期CPU密集任務","time":"2025-06-04T10:38:34+08:00"}
{"level":"info","msg":"執行定期CPU密集任務","time":"2025-06-04T10:39:04+08:00"}
{"level":"info","msg":"執行定期CPU密集任務","time":"2025-06-04T10:39:34+08:00"}
{"level":"info","msg":"執行定期CPU密集任務","time":"2025-06-04T10:40:04+08:00"}
{"level":"info","msg":"執行定期CPU密集任務","time":"2025-06-04T10:40:34+08:00"}
{"level":"info","msg":"執行定期CPU密集任務","time":"2025-06-04T10:41:04+08:00"}
{"level":"info","msg":"執行定期CPU密集任務","time":"2025-06-04T10:41:34+08:00"}
{"level":"info","msg":"執行定期CPU密集任務","time":"2025-06-04T10:42:04+08:00"}
{"level":"info","msg":"執行定期CPU密集任務","time":"2025-06-04T10:42:34+08:00"}
{"level":"info","msg":"執行定期CPU密集任務","time":"2025-06-04T10:43:04+08:00"}
{"level":"info","msg":"執行定期CPU密集任務","time":"2025-06-04T10:43:34+08:00"}
{"level":"info","msg":"執行定期CPU密集任務","time":"2025-06-04T10:44:04+08:00"}
{"level":"info","msg":"執行定期CPU密集任務","time":"2025-06-04T10:44:34+08:00"}
{"level":"info","msg":"執行定期CPU密集任務","time":"2025-06-04T10:45:04+08:00"}
{"level":"info","msg":"執行定期CPU密集任務","time":"2025-06-04T10:45:34+08:00"}
{"level":"info","msg":"執行定期CPU密集任務","time":"2025-06-04T10:46:04+08:00"}
{"level":"info","msg":"執行定期CPU密集任務","time":"2025-06-04T10:46:34+08:00"}
{"level":"info","msg":"執行定期CPU密集任務","time":"2025-06-04T10:47:04+08:00"}
{"level":"info","msg":"執行定期CPU密集任務","time":"2025-06-04T10:47:34+08:00"}
{"level":"info","msg":"執行定期CPU密集任務","time":"2025-06-04T10:48:04+08:00"}
{"level":"info","msg":"執行定期CPU密集任務","time":"2025-06-04T10:48:34+08:00"}
{"level":"info","msg":"執行定期CPU密集任務","time":"2025-06-04T10:49:04+08:00"}
{"level":"info","msg":"執行定期CPU密集任務","time":"2025-06-04T10:49:34+08:00"}
{"level":"info","msg":"執行定期CPU密集任務","time":"2025-06-04T10:50:04+08:00"}
{"level":"info","msg":"執行定期CPU密集任務","time":"2025-06-04T10:50:34+08:00"}
{"level":"info","msg":"執行定期CPU密集任務","time":"2025-06-04T10:51:04+08:00"}
{"level":"info","msg":"執行定期CPU密集任務","time":"2025-06-04T10:51:34+08:00"}
{"level":"info","msg":"執行定期CPU密集任務","time":"2025-06-04T10:52:04+08:00"}
{"level":"info","msg":"執行定期CPU密集任務","time":"2025-06-04T10:52:34+08:00"}
{"level":"info","msg":"執行定期CPU密集任務","time":"2025-06-04T10:53:04+08:00"}
{"level":"info","msg":"執行定期CPU密集任務","time":"2025-06-04T10:53:34+08:00"}
{"level":"info","msg":"執行定期CPU密集任務","time":"2025-06-04T10:54:04+08:00"}
{"level":"info","msg":"執行定期CPU密集任務","time":"2025-06-04T10:54:34+08:00"}
{"level":"info","msg":"執行定期CPU密集任務","time":"2025-06-04T10:55:04+08:00"}
{"level":"info","msg":"執行定期CPU密集任務","time":"2025-06-04T10:55:34+08:00"}
{"level":"info","msg":"執行定期CPU密集任務","time":"2025-06-04T10:56:04+08:00"}
{"level":"info","msg":"執行定期CPU密集任務","time":"2025-06-04T10:56:34+08:00"}
{"level":"info","msg":"執行定期CPU密集任務","time":"2025-06-04T10:57:04+08:00"}
{"level":"info","msg":"執行定期CPU密集任務","time":"2025-06-04T10:57:34+08:00"}
{"level":"info","msg":"執行定期CPU密集任務","time":"2025-06-04T10:58:04+08:00"}
{"level":"info","msg":"執行定期CPU密集任務","time":"2025-06-04T10:58:34+08:00"}
{"level":"info","msg":"執行定期CPU密集任務","time":"2025-06-04T10:59:04+08:00"}
{"level":"info","msg":"執行定期CPU密集任務","time":"2025-06-04T10:59:34+08:00"}
{"level":"info","msg":"執行定期CPU密集任務","time":"2025-06-04T11:00:04+08:00"}
{"level":"info","msg":"執行定期CPU密集任務","time":"2025-06-04T11:00:34+08:00"}
{"level":"info","msg":"執行定期CPU密集任務","time":"2025-06-04T11:01:04+08:00"}
{"level":"info","msg":"執行定期CPU密集任務","time":"2025-06-04T11:01:34+08:00"}
{"level":"info","msg":"執行定期CPU密集任務","time":"2025-06-04T11:02:04+08:00"}
{"level":"info","msg":"執行定期CPU密集任務","time":"2025-06-04T11:02:34+08:00"}
{"level":"info","msg":"執行定期CPU密集任務","time":"2025-06-04T11:03:04+08:00"}
{"level":"info","msg":"執行定期CPU密集任務","time":"2025-06-04T11:03:34+08:00"}
{"level":"info","msg":"執行定期CPU密集任務","time":"2025-06-04T11:04:04+08:00"}
{"level":"info","msg":"執行定期CPU密集任務","time":"2025-06-04T11:04:34+08:00"}
{"level":"info","msg":"執行定期CPU密集任務","time":"2025-06-04T11:05:04+08:00"}
{"level":"info","msg":"執行定期CPU密集任務","time":"2025-06-04T11:05:34+08:00"}
{"level":"info","msg":"執行定期CPU密集任務","time":"2025-06-04T11:06:04+08:00"}
{"level":"info","msg":"執行定期CPU密集任務","time":"2025-06-04T11:06:34+08:00"}
{"level":"info","msg":"執行定期CPU密集任務","time":"2025-06-04T11:07:04+08:00"}
{"level":"info","msg":"執行定期CPU密集任務","time":"2025-06-04T11:07:34+08:00"}
{"level":"info","msg":"執行定期CPU密集任務","time":"2025-06-04T11:08:04+08:00"}
{"level":"info","msg":"執行定期CPU密集任務","time":"2025-06-04T11:08:34+08:00"}
{"level":"info","msg":"執行定期CPU密集任務","time":"2025-06-04T11:09:04+08:00"}
{"level":"info","msg":"執行定期CPU密集任務","time":"2025-06-04T11:09:34+08:00"}
{"level":"info","msg":"執行定期CPU密集任務","time":"2025-06-04T11:10:04+08:00"}
{"level":"info","msg":"執行定期CPU密集任務","time":"2025-06-04T11:10:34+08:00"}
{"level":"info","msg":"執行定期CPU密集任務","time":"2025-06-04T11:11:04+08:00"}
{"level":"info","msg":"執行定期CPU密集任務","time":"2025-06-04T11:11:34+08:00"}
{"level":"info","msg":"執行定期CPU密集任務","time":"2025-06-04T11:12:04+08:00"}
{"level":"info","msg":"執行定期CPU密集任務","time":"2025-06-04T11:12:34+08:00"}
{"level":"info","msg":"執行定期CPU密集任務","time":"2025-06-04T11:13:04+08:00"}
{"level":"info","msg":"執行定期CPU密集任務","time":"2025-06-04T11:13:34+08:00"}
{"level":"info","msg":"執行定期CPU密集任務","time":"2025-06-04T11:14:04+08:00"}
{"level":"info","msg":"執行定期CPU密集任務","time":"2025-06-04T11:14:34+08:00"}
{"level":"info","msg":"執行定期CPU密集任務","time":"2025-06-04T11:15:04+08:00"}
{"level":"info","msg":"執行定期CPU密集任務","time":"2025-06-04T11:15:34+08:00"}
{"level":"info","msg":"執行定期CPU密集任務","time":"2025-06-04T11:16:04+08:00"}
{"level":"info","msg":"執行定期CPU密集任務","time":"2025-06-04T11:16:34+08:00"}
{"level":"info","msg":"執行定期CPU密集任務","time":"2025-06-04T11:17:04+08:00"}
{"level":"info","msg":"執行定期CPU密集任務","time":"2025-06-04T11:17:34+08:00"}
{"level":"info","msg":"執行定期CPU密集任務","time":"2025-06-04T11:18:04+08:00"}
{"level":"info","msg":"執行定期CPU密集任務","time":"2025-06-04T11:18:34+08:00"}
{"level":"info","msg":"執行定期CPU密集任務","time":"2025-06-04T11:19:04+08:00"}
{"level":"info","msg":"執行定期CPU密集任務","time":"2025-06-04T11:19:34+08:00"}
{"level":"info","msg":"執行定期CPU密集任務","time":"2025-06-04T11:20:04+08:00"}
{"level":"info","msg":"執行定期CPU密集任務","time":"2025-06-04T11:20:34+08:00"}
{"level":"info","msg":"執行定期CPU密集任務","time":"2025-06-04T11:21:04+08:00"}
{"level":"info","msg":"執行定期CPU密集任務","time":"2025-06-04T11:21:34+08:00"}
{"level":"info","msg":"執行定期CPU密集任務","time":"2025-06-04T11:22:04+08:00"}
{"level":"info","msg":"執行定期CPU密集任務","time":"2025-06-04T11:22:34+08:00"}
{"level":"info","msg":"執行定期CPU密集任務","time":"2025-06-04T11:23:04+08:00"}
{"level":"info","msg":"執行定期CPU密集任務","time":"2025-06-04T11:23:34+08:00"}
{"level":"info","msg":"執行定期CPU密集任務","time":"2025-06-04T11:24:04+08:00"}
{"level":"info","msg":"執行定期CPU密集任務","time":"2025-06-04T11:24:34+08:00"}
{"level":"info","msg":"執行定期CPU密集任務","time":"2025-06-04T11:25:04+08:00"}
{"level":"info","msg":"執行定期CPU密集任務","time":"2025-06-04T11:25:34+08:00"}
{"level":"info","msg":"執行定期CPU密集任務","time":"2025-06-04T11:26:04+08:00"}
{"level":"info","msg":"執行定期CPU密集任務","time":"2025-06-04T11:26:34+08:00"}
{"level":"info","msg":"執行定期CPU密集任務","time":"2025-06-04T11:27:04+08:00"}
{"level":"info","msg":"執行定期CPU密集任務","time":"2025-06-04T11:27:34+08:00"}
{"level":"info","msg":"執行定期CPU密集任務","time":"2025-06-04T11:28:04+08:00"}
{"level":"info","msg":"執行定期CPU密集任務","time":"2025-06-04T11:28:34+08:00"}
{"level":"info","msg":"執行定期CPU密集任務","time":"2025-06-04T11:29:04+08:00"}
{"level":"info","msg":"執行定期CPU密集任務","time":"2025-06-04T11:29:34+08:00"}
{"level":"info","msg":"執行定期CPU密集任務","time":"2025-06-04T11:30:04+08:00"}
{"level":"info","msg":"執行定期CPU密集任務","time":"2025-06-04T11:30:34+08:00"}
{"level":"info","msg":"執行定期CPU密集任務","time":"2025-06-04T11:31:04+08:00"}
{"level":"info","msg":"執行定期CPU密集任務","time":"2025-06-04T11:31:34+08:00"}
{"level":"info","msg":"執行定期CPU密集任務","time":"2025-06-04T11:32:04+08:00"}
{"level":"info","msg":"執行定期CPU密集任務","time":"2025-06-04T11:32:34+08:00"}
{"level":"info","msg":"執行定期CPU密集任務","time":"2025-06-04T11:33:04+08:00"}
{"level":"info","msg":"執行定期CPU密集任務","time":"2025-06-04T11:33:34+08:00"}
{"level":"info","msg":"執行定期CPU密集任務","time":"2025-06-04T11:34:04+08:00"}
{"level":"info","msg":"執行定期CPU密集任務","time":"2025-06-04T11:34:34+08:00"}
{"level":"info","msg":"執行定期CPU密集任務","time":"2025-06-04T11:35:04+08:00"}
{"level":"info","msg":"執行定期CPU密集任務","time":"2025-06-04T11:35:34+08:00"}
{"level":"info","msg":"執行定期CPU密集任務","time":"2025-06-04T11:36:04+08:00"}
{"level":"info","msg":"執行定期CPU密集任務","time":"2025-06-04T11:36:34+08:00"}
{"level":"info","msg":"執行定期CPU密集任務","time":"2025-06-04T11:37:04+08:00"}
{"level":"info","msg":"執行定期CPU密集任務","time":"2025-06-04T11:37:34+08:00"}
{"level":"info","msg":"執行定期CPU密集任務","time":"2025-06-04T11:38:04+08:00"}
{"level":"info","msg":"執行定期CPU密集任務","time":"2025-06-04T11:38:34+08:00"}
{"level":"info","msg":"執行定期CPU密集任務","time":"2025-06-04T11:39:04+08:00"}
{"level":"info","msg":"執行定期CPU密集任務","time":"2025-06-04T11:39:34+08:00"}
