{"address":"0.0.0.0:30082","level":"info","msg":"Starting Payment Gateway service","time":"2025-06-05T04:11:16+08:00"}
[GIN] 2025/06/05 - 04:11:36 | 200 |     467.083µs |             ::1 | GET      "/health"
[GIN] 2025/06/05 - 04:11:38 | 200 |      68.958µs |             ::1 | GET      "/health"
[GIN] 2025/06/05 - 04:12:25 | 200 |    1.171041ms |             ::1 | GET      "/health"
[GIN] 2025/06/05 - 04:12:28 | 200 |          45µs |             ::1 | GET      "/health"
[GIN] 2025/06/05 - 04:12:37 | 200 |     128.125µs |             ::1 | GET      "/health"
[GIN] 2025/06/05 - 04:13:38 | 200 |    1.359958ms |             ::1 | GET      "/health"
[GIN] 2025/06/05 - 04:13:49 | 200 |     656.208µs |             ::1 | GET      "/health"
[GIN] 2025/06/05 - 04:13:49 | 200 |      10.708µs |             ::1 | GET      "/health"
[GIN] 2025/06/05 - 04:15:28 | 200 |     246.667µs |             ::1 | GET      "/health"
[GIN] 2025/06/05 - 04:15:28 | 200 |       1.218ms |             ::1 | GET      "/health"
[GIN] 2025/06/05 - 04:15:58 | 200 |       96.25µs |             ::1 | GET      "/health"
[GIN] 2025/06/05 - 04:16:28 | 200 |      73.208µs |             ::1 | GET      "/health"
[GIN] 2025/06/05 - 04:16:58 | 200 |     529.167µs |             ::1 | GET      "/health"
[GIN] 2025/06/05 - 04:17:28 | 200 |      109.25µs |             ::1 | GET      "/health"
[GIN] 2025/06/05 - 04:17:58 | 200 |       92.25µs |             ::1 | GET      "/health"
[GIN] 2025/06/05 - 04:18:28 | 200 |     117.209µs |             ::1 | GET      "/health"
[GIN] 2025/06/05 - 04:18:58 | 200 |        96.5µs |             ::1 | GET      "/health"
[GIN] 2025/06/05 - 04:19:28 | 200 |    1.264041ms |             ::1 | GET      "/health"
[GIN] 2025/06/05 - 04:21:32 | 200 |      66.458µs |             ::1 | GET      "/health"
[GIN] 2025/06/05 - 04:23:03 | 200 |      64.375µs |             ::1 | GET      "/health"
[GIN] 2025/06/05 - 04:23:21 | 200 |     246.667µs |             ::1 | GET      "/health"
[GIN] 2025/06/05 - 04:23:40 | 200 |      76.459µs |             ::1 | GET      "/health"
[GIN] 2025/06/05 - 04:23:40 | 200 |     792.834µs |             ::1 | GET      "/health"
[GIN] 2025/06/05 - 04:23:40 | 200 |      25.583µs |             ::1 | GET      "/health"
[GIN] 2025/06/05 - 04:23:40 | 200 |      26.583µs |             ::1 | GET      "/health"
[GIN] 2025/06/05 - 04:23:55 | 200 |      75.542µs |             ::1 | GET      "/health"
[GIN] 2025/06/05 - 04:24:10 | 200 |     114.625µs |             ::1 | GET      "/health"
[GIN] 2025/06/05 - 04:24:10 | 200 |      31.084µs |             ::1 | GET      "/health"
[GIN] 2025/06/05 - 04:24:25 | 200 |      60.625µs |             ::1 | GET      "/health"
[GIN] 2025/06/05 - 04:24:40 | 200 |     221.084µs |             ::1 | GET      "/health"
[GIN] 2025/06/05 - 04:24:40 | 200 |      50.292µs |             ::1 | GET      "/health"
[GIN] 2025/06/05 - 04:24:55 | 200 |     608.792µs |             ::1 | GET      "/health"
[GIN] 2025/06/05 - 04:25:10 | 200 |     112.875µs |             ::1 | GET      "/health"
[GIN] 2025/06/05 - 04:25:10 | 200 |      44.917µs |             ::1 | GET      "/health"
[GIN] 2025/06/05 - 04:25:25 | 200 |     189.666µs |             ::1 | GET      "/health"
[GIN] 2025/06/05 - 04:25:40 | 200 |     446.333µs |             ::1 | GET      "/health"
[GIN] 2025/06/05 - 04:25:42 | 200 |      31.875µs |             ::1 | GET      "/health"
[GIN] 2025/06/05 - 04:26:10 | 200 |     342.042µs |             ::1 | GET      "/health"
[GIN] 2025/06/05 - 04:26:40 | 200 |     215.834µs |             ::1 | GET      "/health"
[GIN] 2025/06/05 - 04:26:42 | 200 |     682.667µs |             ::1 | GET      "/health"
[GIN] 2025/06/05 - 04:26:55 | 200 |    1.066542ms |             ::1 | GET      "/health"
[GIN] 2025/06/05 - 04:27:10 | 200 |      609.25µs |             ::1 | GET      "/health"
[GIN] 2025/06/05 - 04:27:10 | 200 |      36.875µs |             ::1 | GET      "/health"
[GIN] 2025/06/05 - 04:27:26 | 200 |     484.666µs |             ::1 | GET      "/health"
[GIN] 2025/06/05 - 04:27:40 | 200 |     485.208µs |             ::1 | GET      "/health"
[GIN] 2025/06/05 - 04:27:40 | 200 |      45.625µs |             ::1 | GET      "/health"
[GIN] 2025/06/05 - 04:28:41 | 200 |         264µs |             ::1 | GET      "/health"
[GIN] 2025/06/05 - 04:28:41 | 200 |      60.209µs |             ::1 | GET      "/health"
[GIN] 2025/06/05 - 04:29:42 | 200 |     747.459µs |             ::1 | GET      "/health"
[GIN] 2025/06/05 - 04:29:42 | 200 |      39.958µs |             ::1 | GET      "/health"
[GIN] 2025/06/05 - 04:30:42 | 200 |         922µs |             ::1 | GET      "/health"
[GIN] 2025/06/05 - 04:30:43 | 200 |      55.625µs |             ::1 | GET      "/health"
[GIN] 2025/06/05 - 04:31:42 | 200 |     284.667µs |             ::1 | GET      "/health"
[GIN] 2025/06/05 - 04:31:42 | 200 |      58.458µs |             ::1 | GET      "/health"
[GIN] 2025/06/05 - 04:31:57 | 200 |      73.584µs |             ::1 | GET      "/health"
[GIN] 2025/06/05 - 04:32:12 | 200 |      89.625µs |             ::1 | GET      "/health"
[GIN] 2025/06/05 - 04:32:12 | 200 |      51.667µs |             ::1 | GET      "/health"
[GIN] 2025/06/05 - 04:32:12 | 200 |      29.208µs |             ::1 | GET      "/health"
[GIN] 2025/06/05 - 04:32:12 | 200 |      74.208µs |             ::1 | GET      "/health"
[GIN] 2025/06/05 - 04:32:27 | 200 |      57.834µs |             ::1 | GET      "/health"
[GIN] 2025/06/05 - 04:32:42 | 200 |    3.323583ms |             ::1 | GET      "/health"
[GIN] 2025/06/05 - 04:32:43 | 200 |      49.125µs |             ::1 | GET      "/health"
[GIN] 2025/06/05 - 04:32:58 | 200 |      67.458µs |             ::1 | GET      "/health"
[GIN] 2025/06/05 - 04:33:13 | 200 |       225.5µs |             ::1 | GET      "/health"
[GIN] 2025/06/05 - 04:33:13 | 200 |      37.666µs |             ::1 | GET      "/health"
[GIN] 2025/06/05 - 04:33:28 | 200 |     333.667µs |             ::1 | GET      "/health"
[GIN] 2025/06/05 - 04:33:43 | 200 |      934.25µs |             ::1 | GET      "/health"
[GIN] 2025/06/05 - 04:33:43 | 200 |          43µs |             ::1 | GET      "/health"
[GIN] 2025/06/05 - 04:34:13 | 200 |     640.333µs |             ::1 | GET      "/health"
[GIN] 2025/06/05 - 04:34:39 | 200 |      65.083µs |             ::1 | GET      "/health"
[GIN] 2025/06/05 - 04:34:43 | 200 |      162.75µs |             ::1 | GET      "/health"
[GIN] 2025/06/05 - 04:35:13 | 200 |     303.625µs |             ::1 | GET      "/health"
[GIN] 2025/06/05 - 04:35:20 | 200 |      51.833µs |             ::1 | GET      "/health"
[GIN] 2025/06/05 - 04:35:27 | 200 |      82.417µs |             ::1 | GET      "/health"
[GIN] 2025/06/05 - 04:35:43 | 200 |     349.667µs |             ::1 | GET      "/health"
[GIN] 2025/06/05 - 04:35:43 | 200 |      51.666µs |             ::1 | GET      "/health"
[GIN] 2025/06/05 - 04:35:58 | 200 |     102.584µs |             ::1 | GET      "/health"
[GIN] 2025/06/05 - 04:36:13 | 200 |      79.125µs |             ::1 | GET      "/health"
[GIN] 2025/06/05 - 04:36:13 | 200 |       35.75µs |             ::1 | GET      "/health"
[GIN] 2025/06/05 - 04:36:28 | 200 |     142.959µs |             ::1 | GET      "/health"
[GIN] 2025/06/05 - 04:37:42 | 200 |     235.583µs |             ::1 | GET      "/health"
[GIN] 2025/06/05 - 04:37:43 | 200 |      48.958µs |             ::1 | GET      "/health"
[GIN] 2025/06/05 - 04:53:31 | 200 |      262.25µs |             ::1 | GET      "/health"
[GIN] 2025/06/05 - 04:53:31 | 200 |      22.791µs |             ::1 | GET      "/health"
[GIN] 2025/06/05 - 04:53:31 | 200 |      30.292µs |             ::1 | GET      "/health"
[GIN] 2025/06/05 - 04:53:31 | 200 |      25.416µs |             ::1 | GET      "/health"
[GIN] 2025/06/05 - 05:43:17 | 200 |     111.625µs |             ::1 | GET      "/health"
[GIN] 2025/06/05 - 06:11:15 | 200 |    4.473375ms |             ::1 | GET      "/health"
[GIN] 2025/06/05 - 06:11:15 | 200 |     103.917µs |             ::1 | GET      "/health"
[GIN] 2025/06/05 - 06:11:30 | 200 |     141.958µs |             ::1 | GET      "/health"
[GIN] 2025/06/05 - 06:11:45 | 200 |    8.768167ms |             ::1 | GET      "/health"
[GIN] 2025/06/05 - 06:11:45 | 200 |      284.25µs |             ::1 | GET      "/health"
[GIN] 2025/06/05 - 06:29:06 | 200 |     476.541µs |             ::1 | GET      "/health"
[GIN] 2025/06/05 - 06:38:59 | 200 |    2.835375ms |             ::1 | GET      "/health"
[GIN] 2025/06/05 - 06:39:00 | 200 |     241.333µs |             ::1 | GET      "/health"
[GIN] 2025/06/05 - 06:39:15 | 200 |    1.741959ms |             ::1 | GET      "/health"
[GIN] 2025/06/05 - 06:39:30 | 200 |    2.881958ms |             ::1 | GET      "/health"
[GIN] 2025/06/05 - 06:44:19 | 200 |     321.833µs |             ::1 | GET      "/health"
[GIN] 2025/06/05 - 06:44:34 | 200 |     448.625µs |             ::1 | GET      "/health"
[GIN] 2025/06/05 - 06:59:53 | 200 |   12.619167ms |             ::1 | GET      "/health"
[GIN] 2025/06/05 - 07:00:37 | 200 |    1.496542ms |             ::1 | GET      "/health"
[GIN] 2025/06/05 - 07:00:37 | 200 |     594.917µs |             ::1 | GET      "/health"
[GIN] 2025/06/05 - 07:40:25 | 200 |     170.834µs |             ::1 | GET      "/health"
[GIN] 2025/06/05 - 07:40:25 | 200 |      63.125µs |             ::1 | GET      "/health"
[GIN] 2025/06/05 - 08:41:20 | 200 |      1.3435ms |             ::1 | GET      "/health"
[GIN] 2025/06/05 - 08:41:20 | 200 |     286.375µs |             ::1 | GET      "/health"
[GIN] 2025/06/05 - 08:59:44 | 200 |     618.792µs |             ::1 | GET      "/health"
[GIN] 2025/06/05 - 08:59:44 | 200 |     110.042µs |             ::1 | GET      "/health"
[GIN] 2025/06/05 - 09:32:31 | 200 |      82.792µs |             ::1 | GET      "/health"
[GIN] 2025/06/05 - 09:32:31 | 200 |     408.542µs |             ::1 | GET      "/health"
[GIN] 2025/06/05 - 09:35:57 | 200 |   19.659458ms |             ::1 | GET      "/health"
[GIN] 2025/06/05 - 09:35:57 | 200 |     141.958µs |             ::1 | GET      "/health"
[GIN] 2025/06/05 - 09:44:29 | 200 |    1.727666ms |             ::1 | GET      "/health"
[GIN] 2025/06/05 - 09:44:29 | 200 |    2.769375ms |             ::1 | GET      "/health"
[GIN] 2025/06/05 - 10:42:56 | 200 |       1.858ms |             ::1 | GET      "/health"
[GIN] 2025/06/05 - 10:42:56 | 200 |      33.875µs |             ::1 | GET      "/health"
[GIN] 2025/06/05 - 11:36:35 | 200 |     216.917µs |             ::1 | GET      "/health"
[GIN] 2025/06/05 - 11:36:35 | 200 |       244.5µs |             ::1 | GET      "/health"
[GIN] 2025/06/05 - 11:38:17 | 200 |    1.273125ms |             ::1 | GET      "/health"
[GIN] 2025/06/05 - 11:38:17 | 200 |      37.541µs |             ::1 | GET      "/health"
[GIN] 2025/06/05 - 12:16:35 | 200 |     2.67975ms |             ::1 | GET      "/health"
[GIN] 2025/06/05 - 12:16:35 | 200 |       84.75µs |             ::1 | GET      "/health"
[GIN] 2025/06/05 - 12:27:59 | 200 |    6.482541ms |             ::1 | GET      "/health"
[GIN] 2025/06/05 - 12:28:00 | 200 |     170.042µs |             ::1 | GET      "/health"
[GIN] 2025/06/05 - 12:42:10 | 200 |    3.364125ms |             ::1 | GET      "/health"
[GIN] 2025/06/05 - 12:42:10 | 200 |     149.208µs |             ::1 | GET      "/health"
[GIN] 2025/06/05 - 13:09:38 | 200 |     660.542µs |             ::1 | GET      "/health"
[GIN] 2025/06/05 - 13:09:38 | 200 |      38.084µs |             ::1 | GET      "/health"
[GIN] 2025/06/05 - 13:19:17 | 200 |     676.584µs |             ::1 | GET      "/health"
[GIN] 2025/06/05 - 13:19:17 | 200 |      60.458µs |             ::1 | GET      "/health"
[GIN] 2025/06/05 - 13:45:02 | 200 |     391.125µs |             ::1 | GET      "/health"
[GIN] 2025/06/05 - 13:45:02 | 200 |      58.333µs |             ::1 | GET      "/health"
[GIN] 2025/06/05 - 14:46:22 | 200 |    1.247958ms |             ::1 | GET      "/health"
[GIN] 2025/06/05 - 14:46:22 | 200 |     135.125µs |             ::1 | GET      "/health"
[GIN] 2025/06/05 - 15:06:21 | 200 |    1.220833ms |             ::1 | GET      "/health"
[GIN] 2025/06/05 - 15:06:21 | 200 |    1.439834ms |             ::1 | GET      "/health"
[GIN] 2025/06/05 - 15:31:11 | 200 |    2.187542ms |             ::1 | GET      "/health"
[GIN] 2025/06/05 - 15:31:11 | 200 |     119.292µs |             ::1 | GET      "/health"
[GIN] 2025/06/05 - 16:48:17 | 200 |     329.834µs |             ::1 | GET      "/health"
[GIN] 2025/06/05 - 16:48:17 | 200 |     181.584µs |             ::1 | GET      "/health"
[GIN] 2025/06/05 - 17:49:14 | 200 |     145.667µs |             ::1 | GET      "/health"
[GIN] 2025/06/05 - 17:49:14 | 200 |     197.541µs |             ::1 | GET      "/health"
[GIN] 2025/06/05 - 18:50:30 | 200 |    9.389709ms |             ::1 | GET      "/health"
[GIN] 2025/06/05 - 18:50:31 | 200 |      52.875µs |             ::1 | GET      "/health"
[GIN] 2025/06/05 - 19:16:57 | 200 |     462.042µs |             ::1 | GET      "/health"
[GIN] 2025/06/05 - 19:16:57 | 200 |       75.75µs |             ::1 | GET      "/health"
[GIN] 2025/06/05 - 19:51:40 | 200 |      201.25µs |             ::1 | GET      "/health"
[GIN] 2025/06/05 - 19:51:40 | 200 |      52.625µs |             ::1 | GET      "/health"
[GIN] 2025/06/05 - 20:29:19 | 200 |     174.125µs |             ::1 | GET      "/health"
[GIN] 2025/06/05 - 20:29:20 | 200 |     290.625µs |             ::1 | GET      "/health"
[GIN] 2025/06/05 - 20:52:09 | 200 |     743.334µs |             ::1 | GET      "/health"
[GIN] 2025/06/05 - 20:52:09 | 200 |      170.25µs |             ::1 | GET      "/health"
[GIN] 2025/06/05 - 21:53:41 | 200 |    2.491542ms |             ::1 | GET      "/health"
[GIN] 2025/06/05 - 21:53:41 | 200 |    7.022167ms |             ::1 | GET      "/health"
[GIN] 2025/06/05 - 22:54:37 | 200 |    1.822125ms |             ::1 | GET      "/health"
[GIN] 2025/06/05 - 22:54:38 | 200 |     112.792µs |             ::1 | GET      "/health"
[GIN] 2025/06/05 - 23:55:34 | 200 |    2.231917ms |             ::1 | GET      "/health"
[GIN] 2025/06/05 - 23:55:34 | 200 |     223.875µs |             ::1 | GET      "/health"
[GIN] 2025/06/06 - 00:56:32 | 200 |    1.464709ms |             ::1 | GET      "/health"
[GIN] 2025/06/06 - 00:56:32 | 200 |    2.030834ms |             ::1 | GET      "/health"
[GIN] 2025/06/06 - 01:54:52 | 200 |     300.333µs |             ::1 | GET      "/health"
[GIN] 2025/06/06 - 01:54:52 | 200 |      78.167µs |             ::1 | GET      "/health"
[GIN] 2025/06/06 - 01:57:37 | 200 |     465.875µs |             ::1 | GET      "/health"
[GIN] 2025/06/06 - 01:57:38 | 200 |     133.167µs |             ::1 | GET      "/health"
[GIN] 2025/06/06 - 02:25:14 | 200 |     133.417µs |             ::1 | GET      "/health"
[GIN] 2025/06/06 - 02:25:14 | 200 |      41.833µs |             ::1 | GET      "/health"
[GIN] 2025/06/06 - 03:59:02 | 200 |    4.606125ms |             ::1 | GET      "/health"
[GIN] 2025/06/06 - 03:59:03 | 200 |     122.084µs |             ::1 | GET      "/health"
[GIN] 2025/06/06 - 04:38:14 | 200 |   17.598625ms |             ::1 | GET      "/health"
[GIN] 2025/06/06 - 04:38:14 | 200 |      95.834µs |             ::1 | GET      "/health"
[GIN] 2025/06/06 - 06:00:39 | 200 |    1.154875ms |             ::1 | GET      "/health"
[GIN] 2025/06/06 - 06:00:39 | 200 |      65.584µs |             ::1 | GET      "/health"
[GIN] 2025/06/06 - 08:02:46 | 200 |     564.166µs |             ::1 | GET      "/health"
[GIN] 2025/06/06 - 08:02:46 | 200 |   26.118833ms |             ::1 | GET      "/health"
[GIN] 2025/06/06 - 08:43:37 | 200 |    3.879375ms |             ::1 | GET      "/health"
[GIN] 2025/06/06 - 08:43:37 | 200 |     153.666µs |             ::1 | GET      "/health"
[GIN] 2025/06/06 - 09:04:08 | 200 |     318.917µs |             ::1 | GET      "/health"
[GIN] 2025/06/06 - 09:04:08 | 200 |      691.25µs |             ::1 | GET      "/health"
[GIN] 2025/06/06 - 09:10:13 | 200 |     267.791µs |             ::1 | GET      "/health"
[GIN] 2025/06/06 - 09:10:13 | 200 |      80.625µs |             ::1 | GET      "/health"
[GIN] 2025/06/06 - 09:19:05 | 200 |    1.256708ms |             ::1 | GET      "/health"
[GIN] 2025/06/06 - 09:19:05 | 200 |    2.449792ms |             ::1 | GET      "/health"
[GIN] 2025/06/06 - 09:21:56 | 200 |     411.958µs |             ::1 | GET      "/health"
[GIN] 2025/06/06 - 09:21:56 | 200 |     1.70725ms |             ::1 | GET      "/health"
[GIN] 2025/06/06 - 09:21:56 | 200 |     249.125µs |             ::1 | GET      "/health"
[GIN] 2025/06/06 - 09:21:56 | 200 |     269.958µs |             ::1 | GET      "/health"
[GIN] 2025/06/06 - 09:22:11 | 200 |     630.833µs |             ::1 | GET      "/health"
[GIN] 2025/06/06 - 09:22:26 | 200 |      69.583µs |             ::1 | GET      "/health"
[GIN] 2025/06/06 - 09:22:26 | 200 |      47.542µs |             ::1 | GET      "/health"
[GIN] 2025/06/06 - 09:22:41 | 200 |     601.125µs |             ::1 | GET      "/health"
[GIN] 2025/06/06 - 09:22:56 | 200 |     313.542µs |             ::1 | GET      "/health"
[GIN] 2025/06/06 - 09:22:56 | 200 |     309.167µs |             ::1 | GET      "/health"
[GIN] 2025/06/06 - 09:23:11 | 200 |     412.458µs |             ::1 | GET      "/health"
[GIN] 2025/06/06 - 09:23:26 | 200 |     117.709µs |             ::1 | GET      "/health"
[GIN] 2025/06/06 - 09:23:26 | 200 |      94.667µs |             ::1 | GET      "/health"
[GIN] 2025/06/06 - 09:23:41 | 200 |      93.792µs |             ::1 | GET      "/health"
[GIN] 2025/06/06 - 09:23:56 | 200 |    2.527667ms |             ::1 | GET      "/health"
[GIN] 2025/06/06 - 09:24:10 | 200 |     147.792µs |             ::1 | GET      "/health"
[GIN] 2025/06/06 - 09:24:26 | 200 |     305.333µs |             ::1 | GET      "/health"
[GIN] 2025/06/06 - 09:24:56 | 200 |     160.292µs |             ::1 | GET      "/health"
[GIN] 2025/06/06 - 09:25:10 | 200 |     123.083µs |             ::1 | GET      "/health"
[GIN] 2025/06/06 - 09:41:08 | 200 |     480.375µs |             ::1 | GET      "/health"
[GIN] 2025/06/06 - 09:41:08 | 200 |      53.167µs |             ::1 | GET      "/health"
[GIN] 2025/06/06 - 09:42:08 | 200 |      73.041µs |             ::1 | GET      "/health"
[GIN] 2025/06/06 - 09:42:08 | 200 |     296.375µs |             ::1 | GET      "/health"
[GIN] 2025/06/06 - 09:43:08 | 200 |     430.208µs |             ::1 | GET      "/health"
[GIN] 2025/06/06 - 09:43:08 | 200 |     367.333µs |             ::1 | GET      "/health"
[GIN] 2025/06/06 - 09:44:08 | 200 |     663.125µs |             ::1 | GET      "/health"
[GIN] 2025/06/06 - 09:44:08 | 200 |        34.5µs |             ::1 | GET      "/health"
[GIN] 2025/06/06 - 09:45:08 | 200 |         522µs |             ::1 | GET      "/health"
[GIN] 2025/06/06 - 09:45:08 | 200 |      36.166µs |             ::1 | GET      "/health"
[GIN] 2025/06/06 - 09:46:08 | 200 |     500.917µs |             ::1 | GET      "/health"
[GIN] 2025/06/06 - 09:46:08 | 200 |     133.208µs |             ::1 | GET      "/health"
[GIN] 2025/06/06 - 09:47:08 | 200 |      96.041µs |             ::1 | GET      "/health"
[GIN] 2025/06/06 - 09:47:08 | 200 |      84.667µs |             ::1 | GET      "/health"
[GIN] 2025/06/06 - 09:48:08 | 200 |     221.417µs |             ::1 | GET      "/health"
[GIN] 2025/06/06 - 09:48:08 | 200 |     286.291µs |             ::1 | GET      "/health"
[GIN] 2025/06/06 - 09:50:49 | 200 |     128.291µs |             ::1 | GET      "/health"
[GIN] 2025/06/06 - 09:50:50 | 200 |    1.127875ms |             ::1 | GET      "/health"
[GIN] 2025/06/06 - 09:51:50 | 200 |     7.09775ms |             ::1 | GET      "/health"
[GIN] 2025/06/06 - 09:51:50 | 200 |     258.375µs |             ::1 | GET      "/health"
[GIN] 2025/06/06 - 09:52:49 | 200 |      912.25µs |             ::1 | GET      "/health"
[GIN] 2025/06/06 - 09:52:50 | 200 |      51.917µs |             ::1 | GET      "/health"
[GIN] 2025/06/06 - 09:53:49 | 200 |     749.667µs |             ::1 | GET      "/health"
[GIN] 2025/06/06 - 09:53:50 | 200 |      50.709µs |             ::1 | GET      "/health"
[GIN] 2025/06/06 - 09:54:49 | 200 |    2.686875ms |             ::1 | GET      "/health"
[GIN] 2025/06/06 - 09:54:50 | 200 |     690.958µs |             ::1 | GET      "/health"
[GIN] 2025/06/06 - 09:55:49 | 200 |     779.667µs |             ::1 | GET      "/health"
[GIN] 2025/06/06 - 09:55:50 | 200 |      65.583µs |             ::1 | GET      "/health"
[GIN] 2025/06/06 - 09:56:49 | 200 |     467.416µs |             ::1 | GET      "/health"
[GIN] 2025/06/06 - 09:56:50 | 200 |      51.667µs |             ::1 | GET      "/health"
[GIN] 2025/06/06 - 09:57:49 | 200 |     102.167µs |             ::1 | GET      "/health"
[GIN] 2025/06/06 - 09:57:50 | 200 |     211.625µs |             ::1 | GET      "/health"
[GIN] 2025/06/06 - 09:58:49 | 200 |    1.123542ms |             ::1 | GET      "/health"
[GIN] 2025/06/06 - 09:58:50 | 200 |      41.208µs |             ::1 | GET      "/health"
[GIN] 2025/06/06 - 09:59:49 | 200 |    1.085167ms |             ::1 | GET      "/health"
[GIN] 2025/06/06 - 09:59:50 | 200 |     1.14725ms |             ::1 | GET      "/health"
[GIN] 2025/06/06 - 10:00:49 | 200 |     176.667µs |             ::1 | GET      "/health"
[GIN] 2025/06/06 - 10:00:50 | 200 |        32.5µs |             ::1 | GET      "/health"
[GIN] 2025/06/06 - 10:01:49 | 200 |    2.904958ms |             ::1 | GET      "/health"
[GIN] 2025/06/06 - 10:01:50 | 200 |      44.167µs |             ::1 | GET      "/health"
[GIN] 2025/06/06 - 10:02:49 | 200 |      406.75µs |             ::1 | GET      "/health"
[GIN] 2025/06/06 - 10:02:50 | 200 |      30.625µs |             ::1 | GET      "/health"
[GIN] 2025/06/06 - 10:03:49 | 200 |    1.459708ms |             ::1 | GET      "/health"
[GIN] 2025/06/06 - 10:03:50 | 200 |      94.375µs |             ::1 | GET      "/health"
[GIN] 2025/06/06 - 10:04:49 | 200 |    1.898333ms |             ::1 | GET      "/health"
[GIN] 2025/06/06 - 10:04:50 | 200 |     219.125µs |             ::1 | GET      "/health"
[GIN] 2025/06/06 - 10:05:49 | 200 |     151.042µs |             ::1 | GET      "/health"
[GIN] 2025/06/06 - 10:05:50 | 200 |      35.542µs |             ::1 | GET      "/health"
[GIN] 2025/06/06 - 10:06:49 | 200 |    1.077792ms |             ::1 | GET      "/health"
[GIN] 2025/06/06 - 10:06:50 | 200 |     961.417µs |             ::1 | GET      "/health"
[GIN] 2025/06/06 - 10:07:49 | 200 |     201.875µs |             ::1 | GET      "/health"
[GIN] 2025/06/06 - 10:07:50 | 200 |      28.625µs |             ::1 | GET      "/health"
[GIN] 2025/06/06 - 10:08:49 | 200 |     162.917µs |             ::1 | GET      "/health"
[GIN] 2025/06/06 - 10:08:50 | 200 |       368.5µs |             ::1 | GET      "/health"
[GIN] 2025/06/06 - 10:09:49 | 200 |     694.709µs |             ::1 | GET      "/health"
[GIN] 2025/06/06 - 10:09:50 | 200 |      46.125µs |             ::1 | GET      "/health"
[GIN] 2025/06/06 - 10:10:49 | 200 |    1.213584ms |             ::1 | GET      "/health"
[GIN] 2025/06/06 - 10:10:50 | 200 |     313.459µs |             ::1 | GET      "/health"
[GIN] 2025/06/06 - 10:11:49 | 200 |    1.186542ms |             ::1 | GET      "/health"
[GIN] 2025/06/06 - 10:11:50 | 200 |      49.875µs |             ::1 | GET      "/health"
[GIN] 2025/06/06 - 10:12:49 | 200 |     1.85575ms |             ::1 | GET      "/health"
[GIN] 2025/06/06 - 10:12:50 | 200 |       49.25µs |             ::1 | GET      "/health"
[GIN] 2025/06/06 - 10:13:49 | 200 |     822.459µs |             ::1 | GET      "/health"
[GIN] 2025/06/06 - 10:13:50 | 200 |      57.458µs |             ::1 | GET      "/health"
[GIN] 2025/06/06 - 10:14:26 | 200 |      70.959µs |             ::1 | GET      "/health"
[GIN] 2025/06/06 - 10:14:26 | 200 |      77.625µs |             ::1 | GET      "/health"
[GIN] 2025/06/06 - 10:14:35 | 200 |     648.333µs |             ::1 | GET      "/health"
[GIN] 2025/06/06 - 10:14:36 | 200 |     281.625µs |             ::1 | GET      "/health"
[GIN] 2025/06/06 - 10:14:51 | 200 |     522.417µs |             ::1 | GET      "/health"
[GIN] 2025/06/06 - 10:15:05 | 200 |     153.333µs |             ::1 | GET      "/health"
[GIN] 2025/06/06 - 10:15:06 | 200 |      72.541µs |             ::1 | GET      "/health"
[GIN] 2025/06/06 - 10:15:21 | 200 |     141.458µs |             ::1 | GET      "/health"
[GIN] 2025/06/06 - 10:15:35 | 200 |    1.252667ms |             ::1 | GET      "/health"
[GIN] 2025/06/06 - 10:15:36 | 200 |      105.75µs |             ::1 | GET      "/health"
[GIN] 2025/06/06 - 10:15:51 | 200 |     829.584µs |             ::1 | GET      "/health"
[GIN] 2025/06/06 - 10:16:49 | 200 |     218.417µs |             ::1 | GET      "/health"
[GIN] 2025/06/06 - 10:16:50 | 200 |     100.375µs |             ::1 | GET      "/health"
[GIN] 2025/06/06 - 10:17:49 | 200 |    4.949709ms |             ::1 | GET      "/health"
[GIN] 2025/06/06 - 10:17:50 | 200 |      600.75µs |             ::1 | GET      "/health"
[GIN] 2025/06/06 - 10:18:49 | 200 |     935.125µs |             ::1 | GET      "/health"
[GIN] 2025/06/06 - 10:18:50 | 200 |      24.959µs |             ::1 | GET      "/health"
[GIN] 2025/06/06 - 10:19:49 | 200 |     2.79775ms |             ::1 | GET      "/health"
[GIN] 2025/06/06 - 10:19:50 | 200 |       49.25µs |             ::1 | GET      "/health"
[GIN] 2025/06/06 - 10:20:49 | 200 |     218.375µs |             ::1 | GET      "/health"
[GIN] 2025/06/06 - 10:20:50 | 200 |     131.041µs |             ::1 | GET      "/health"
[GIN] 2025/06/06 - 10:21:49 | 200 |    3.077042ms |             ::1 | GET      "/health"
[GIN] 2025/06/06 - 10:21:50 | 200 |      24.666µs |             ::1 | GET      "/health"
[GIN] 2025/06/06 - 10:22:49 | 200 |       413.5µs |             ::1 | GET      "/health"
[GIN] 2025/06/06 - 10:22:50 | 200 |      26.417µs |             ::1 | GET      "/health"
[GIN] 2025/06/06 - 10:23:50 | 200 |     800.625µs |             ::1 | GET      "/health"
[GIN] 2025/06/06 - 10:23:53 | 200 |      490.75µs |             ::1 | GET      "/health"
[GIN] 2025/06/06 - 10:24:50 | 200 |    1.595792ms |             ::1 | GET      "/health"
[GIN] 2025/06/06 - 10:24:53 | 200 |     109.042µs |             ::1 | GET      "/health"
[GIN] 2025/06/06 - 10:25:49 | 200 |      635.25µs |             ::1 | GET      "/health"
[GIN] 2025/06/06 - 10:25:52 | 200 |    2.867542ms |             ::1 | GET      "/health"
[GIN] 2025/06/06 - 10:26:50 | 200 |   47.030292ms |             ::1 | GET      "/health"
[GIN] 2025/06/06 - 10:26:50 | 200 |    2.970792ms |             ::1 | GET      "/health"
[GIN] 2025/06/06 - 10:27:49 | 200 |         142µs |             ::1 | GET      "/health"
[GIN] 2025/06/06 - 10:27:50 | 200 |     710.625µs |             ::1 | GET      "/health"
[GIN] 2025/06/06 - 10:28:49 | 200 |    4.845625ms |             ::1 | GET      "/health"
[GIN] 2025/06/06 - 10:28:50 | 200 |     278.583µs |             ::1 | GET      "/health"
[GIN] 2025/06/06 - 10:29:49 | 200 |     511.292µs |             ::1 | GET      "/health"
[GIN] 2025/06/06 - 10:29:50 | 200 |      73.291µs |             ::1 | GET      "/health"
[GIN] 2025/06/06 - 10:30:49 | 200 |     911.292µs |             ::1 | GET      "/health"
[GIN] 2025/06/06 - 10:30:50 | 200 |       27.75µs |             ::1 | GET      "/health"
[GIN] 2025/06/06 - 10:31:49 | 200 |     150.333µs |             ::1 | GET      "/health"
[GIN] 2025/06/06 - 10:31:50 | 200 |     172.375µs |             ::1 | GET      "/health"
[GIN] 2025/06/06 - 10:32:49 | 200 |      90.834µs |             ::1 | GET      "/health"
[GIN] 2025/06/06 - 10:32:50 | 200 |      38.333µs |             ::1 | GET      "/health"
[GIN] 2025/06/06 - 10:33:50 | 200 |    2.350875ms |             ::1 | GET      "/health"
[GIN] 2025/06/06 - 10:33:50 | 200 |      34.958µs |             ::1 | GET      "/health"
[GIN] 2025/06/06 - 10:34:49 | 200 |        94.5µs |             ::1 | GET      "/health"
[GIN] 2025/06/06 - 10:34:50 | 200 |      76.042µs |             ::1 | GET      "/health"
[GIN] 2025/06/06 - 10:35:49 | 200 |     295.792µs |             ::1 | GET      "/health"
[GIN] 2025/06/06 - 10:35:50 | 200 |      31.333µs |             ::1 | GET      "/health"
[GIN] 2025/06/06 - 10:36:49 | 200 |     104.208µs |             ::1 | GET      "/health"
[GIN] 2025/06/06 - 10:36:50 | 200 |          36µs |             ::1 | GET      "/health"
[GIN] 2025/06/06 - 10:37:49 | 200 |    1.888125ms |             ::1 | GET      "/health"
[GIN] 2025/06/06 - 10:37:50 | 200 |      35.291µs |             ::1 | GET      "/health"
[GIN] 2025/06/06 - 10:38:50 | 200 |    1.461166ms |             ::1 | GET      "/health"
[GIN] 2025/06/06 - 10:38:50 | 200 |     367.625µs |             ::1 | GET      "/health"
[GIN] 2025/06/06 - 10:39:49 | 200 |     247.625µs |             ::1 | GET      "/health"
[GIN] 2025/06/06 - 10:39:50 | 200 |     396.583µs |             ::1 | GET      "/health"
[GIN] 2025/06/06 - 10:40:49 | 200 |     3.05925ms |             ::1 | GET      "/health"
[GIN] 2025/06/06 - 10:40:50 | 200 |          48µs |             ::1 | GET      "/health"
[GIN] 2025/06/06 - 10:41:49 | 200 |     695.209µs |             ::1 | GET      "/health"
[GIN] 2025/06/06 - 10:41:50 | 200 |      49.834µs |             ::1 | GET      "/health"
[GIN] 2025/06/06 - 10:42:49 | 200 |     136.083µs |             ::1 | GET      "/health"
[GIN] 2025/06/06 - 10:42:49 | 200 |      55.167µs |             ::1 | GET      "/health"
[GIN] 2025/06/06 - 10:43:49 | 200 |     102.167µs |             ::1 | GET      "/health"
[GIN] 2025/06/06 - 10:43:50 | 200 |       26.75µs |             ::1 | GET      "/health"
[GIN] 2025/06/06 - 10:44:50 | 200 |     748.709µs |             ::1 | GET      "/health"
[GIN] 2025/06/06 - 10:44:50 | 200 |      66.708µs |             ::1 | GET      "/health"
[GIN] 2025/06/06 - 10:45:50 | 200 |     433.875µs |             ::1 | GET      "/health"
[GIN] 2025/06/06 - 10:45:50 | 200 |      32.833µs |             ::1 | GET      "/health"
[GIN] 2025/06/06 - 10:46:49 | 200 |     727.459µs |             ::1 | GET      "/health"
[GIN] 2025/06/06 - 10:46:50 | 200 |      49.834µs |             ::1 | GET      "/health"
[GIN] 2025/06/06 - 10:47:49 | 200 |     133.208µs |             ::1 | GET      "/health"
[GIN] 2025/06/06 - 10:47:50 | 200 |      36.125µs |             ::1 | GET      "/health"
[GIN] 2025/06/06 - 10:48:49 | 200 |    5.322458ms |             ::1 | GET      "/health"
[GIN] 2025/06/06 - 10:48:50 | 200 |      45.792µs |             ::1 | GET      "/health"
[GIN] 2025/06/06 - 10:49:49 | 200 |     839.959µs |             ::1 | GET      "/health"
[GIN] 2025/06/06 - 10:49:50 | 200 |      32.042µs |             ::1 | GET      "/health"
[GIN] 2025/06/06 - 10:50:29 | 200 |     453.917µs |             ::1 | GET      "/health"
[GIN] 2025/06/06 - 10:50:29 | 200 |     751.542µs |             ::1 | GET      "/health"
[GIN] 2025/06/06 - 10:50:31 | 200 |     331.125µs |             ::1 | GET      "/health"
[GIN] 2025/06/06 - 10:50:31 | 200 |      13.959µs |             ::1 | GET      "/health"
[GIN] 2025/06/06 - 10:50:31 | 200 |      25.375µs |             ::1 | GET      "/health"
[GIN] 2025/06/06 - 10:50:31 | 200 |      24.333µs |             ::1 | GET      "/health"
[GIN] 2025/06/06 - 10:50:46 | 200 |     181.375µs |             ::1 | GET      "/health"
[GIN] 2025/06/06 - 11:02:16 | 200 |    2.843834ms |             ::1 | GET      "/health"
[GIN] 2025/06/06 - 11:02:16 | 200 |     392.958µs |             ::1 | GET      "/health"
[GIN] 2025/06/06 - 11:02:16 | 200 |     718.792µs |             ::1 | GET      "/health"
[GIN] 2025/06/06 - 11:02:16 | 200 |          56µs |             ::1 | GET      "/health"
[GIN] 2025/06/06 - 11:13:55 | 200 |    7.169667ms |             ::1 | GET      "/health"
[GIN] 2025/06/06 - 11:13:55 | 200 |       392.5µs |             ::1 | GET      "/health"
[GIN] 2025/06/06 - 11:13:55 | 200 |     574.958µs |             ::1 | GET      "/health"
[GIN] 2025/06/06 - 11:13:55 | 200 |     287.666µs |             ::1 | GET      "/health"
[GIN] 2025/06/06 - 11:26:47 | 200 |    4.629958ms |             ::1 | GET      "/health"
[GIN] 2025/06/06 - 11:26:47 | 200 |       619.5µs |             ::1 | GET      "/health"
[GIN] 2025/06/06 - 11:27:34 | 200 |     4.93625ms |             ::1 | GET      "/health"
[GIN] 2025/06/06 - 11:27:34 | 200 |      90.709µs |             ::1 | GET      "/health"
