{"address":"0.0.0.0:30082","level":"info","msg":"Starting Payment Gateway service","time":"2025-06-05T04:11:16+08:00"}
[GIN] 2025/06/05 - 04:11:36 | 200 |     467.083µs |             ::1 | GET      "/health"
[GIN] 2025/06/05 - 04:11:38 | 200 |      68.958µs |             ::1 | GET      "/health"
[GIN] 2025/06/05 - 04:12:25 | 200 |    1.171041ms |             ::1 | GET      "/health"
[GIN] 2025/06/05 - 04:12:28 | 200 |          45µs |             ::1 | GET      "/health"
[GIN] 2025/06/05 - 04:12:37 | 200 |     128.125µs |             ::1 | GET      "/health"
[GIN] 2025/06/05 - 04:13:38 | 200 |    1.359958ms |             ::1 | GET      "/health"
[GIN] 2025/06/05 - 04:13:49 | 200 |     656.208µs |             ::1 | GET      "/health"
[GIN] 2025/06/05 - 04:13:49 | 200 |      10.708µs |             ::1 | GET      "/health"
[GIN] 2025/06/05 - 04:15:28 | 200 |     246.667µs |             ::1 | GET      "/health"
[GIN] 2025/06/05 - 04:15:28 | 200 |       1.218ms |             ::1 | GET      "/health"
[GIN] 2025/06/05 - 04:15:58 | 200 |       96.25µs |             ::1 | GET      "/health"
[GIN] 2025/06/05 - 04:16:28 | 200 |      73.208µs |             ::1 | GET      "/health"
[GIN] 2025/06/05 - 04:16:58 | 200 |     529.167µs |             ::1 | GET      "/health"
[GIN] 2025/06/05 - 04:17:28 | 200 |      109.25µs |             ::1 | GET      "/health"
[GIN] 2025/06/05 - 04:17:58 | 200 |       92.25µs |             ::1 | GET      "/health"
[GIN] 2025/06/05 - 04:18:28 | 200 |     117.209µs |             ::1 | GET      "/health"
[GIN] 2025/06/05 - 04:18:58 | 200 |        96.5µs |             ::1 | GET      "/health"
[GIN] 2025/06/05 - 04:19:28 | 200 |    1.264041ms |             ::1 | GET      "/health"
[GIN] 2025/06/05 - 04:21:32 | 200 |      66.458µs |             ::1 | GET      "/health"
[GIN] 2025/06/05 - 04:23:03 | 200 |      64.375µs |             ::1 | GET      "/health"
[GIN] 2025/06/05 - 04:23:21 | 200 |     246.667µs |             ::1 | GET      "/health"
[GIN] 2025/06/05 - 04:23:40 | 200 |      76.459µs |             ::1 | GET      "/health"
[GIN] 2025/06/05 - 04:23:40 | 200 |     792.834µs |             ::1 | GET      "/health"
[GIN] 2025/06/05 - 04:23:40 | 200 |      25.583µs |             ::1 | GET      "/health"
[GIN] 2025/06/05 - 04:23:40 | 200 |      26.583µs |             ::1 | GET      "/health"
[GIN] 2025/06/05 - 04:23:55 | 200 |      75.542µs |             ::1 | GET      "/health"
[GIN] 2025/06/05 - 04:24:10 | 200 |     114.625µs |             ::1 | GET      "/health"
[GIN] 2025/06/05 - 04:24:10 | 200 |      31.084µs |             ::1 | GET      "/health"
[GIN] 2025/06/05 - 04:24:25 | 200 |      60.625µs |             ::1 | GET      "/health"
[GIN] 2025/06/05 - 04:24:40 | 200 |     221.084µs |             ::1 | GET      "/health"
[GIN] 2025/06/05 - 04:24:40 | 200 |      50.292µs |             ::1 | GET      "/health"
[GIN] 2025/06/05 - 04:24:55 | 200 |     608.792µs |             ::1 | GET      "/health"
[GIN] 2025/06/05 - 04:25:10 | 200 |     112.875µs |             ::1 | GET      "/health"
[GIN] 2025/06/05 - 04:25:10 | 200 |      44.917µs |             ::1 | GET      "/health"
[GIN] 2025/06/05 - 04:25:25 | 200 |     189.666µs |             ::1 | GET      "/health"
[GIN] 2025/06/05 - 04:25:40 | 200 |     446.333µs |             ::1 | GET      "/health"
[GIN] 2025/06/05 - 04:25:42 | 200 |      31.875µs |             ::1 | GET      "/health"
[GIN] 2025/06/05 - 04:26:10 | 200 |     342.042µs |             ::1 | GET      "/health"
